GRASP - Graphical Rapid Analysis of Structures Program        Version:     1.17
                                                                               
Data ID: case1                                                Date: Mar-25-2017
Comprehensive Results File                                    Time:    01:18 AM
===============================================================================
                                                                              

Overall Parameters
 Members =  3 
 Nodes   =  4 

Joint Coordinates
Joint        X          Y
 1             6000          2000 
 2             9000          2000 
 3             12000         2000 
 4             15000         2000 


Member Information
Member   JJ    JK        AX        ZI        EL        CX        CY
 1             1             2             90000         6.75E+08      3000          1             0 
 2             2             3             90000         6.75E+08      3000          1             0 
 3             3             4             90000         6.75E+08      3000          1             0 


Joint Restraints 
Joint   JR1     JR2     JR3
 1             1             1             0 
 2             0             1             0 
 3             0             1             0 
 4             1             1             0 




Load Case: Self Load           
======================================================

Applied joint loads
Joint       Fx         Fy         Mz




Nodal Displacements
Node      Delta-X         Delta-Y         Theta-Z 
------------------------------------------------------
 001   +0.0000000E+00  +0.0000000E+00  -1.0536586E-04
 002   +0.0000000E+00  +0.0000000E+00  +3.5121954E-05
 003   +0.0000000E+00  +0.0000000E+00  -3.5121954E-05
 004   +0.0000000E+00  +0.0000000E+00  +1.0536586E-04


Member end Forces 
Member       BMi             BMj             SFi             SFj             AFi             AFj
------------------------------------------------------------------------------------------------------
 001   -1.1239026E-02  -1.9440001E+06  +2.5920002E+03  +3.8880002E+03  +0.0000000E+00  +0.0000000E+00
 002   +1.9440001E+06  -1.9440001E+06  +3.2400002E+03  +3.2400002E+03  +0.0000000E+00  +0.0000000E+00
 003   +1.9440001E+06  +1.1239025E-02  +3.8880002E+03  +2.5920002E+03  +0.0000000E+00  +0.0000000E+00


Support Reactions 
Node         Rx               Ry               Mz
--------------------------------------------------------
 001   +0.0000000E+00   +2.5920002E+03   +0.0000000E+00
 002   +0.0000000E+00   +7.1280005E+03   +0.0000000E+00
 003   +0.0000000E+00   +7.1280005E+03   +0.0000000E+00
 004   +0.0000000E+00   +2.5920002E+03   +0.0000000E+00


Load Case: Dead Load           
======================================================

Applied joint loads
Joint       Fx         Fy         Mz




Nodal Displacements
Node      Delta-X         Delta-Y         Theta-Z 
------------------------------------------------------
 001   +0.0000000E+00  +0.0000000E+00  +0.0000000E+00
 002   +0.0000000E+00  +0.0000000E+00  +0.0000000E+00
 003   +0.0000000E+00  +0.0000000E+00  +0.0000000E+00
 004   +0.0000000E+00  +0.0000000E+00  +0.0000000E+00


Member end Forces 
Member       BMi             BMj             SFi             SFj             AFi             AFj
------------------------------------------------------------------------------------------------------
 001   +0.0000000E+00  +0.0000000E+00  +0.0000000E+00  +0.0000000E+00  +0.0000000E+00  +0.0000000E+00
 002   +0.0000000E+00  +0.0000000E+00  +0.0000000E+00  +0.0000000E+00  +0.0000000E+00  +0.0000000E+00
 003   +0.0000000E+00  +0.0000000E+00  +0.0000000E+00  +0.0000000E+00  +0.0000000E+00  +0.0000000E+00


Support Reactions 
Node         Rx               Ry               Mz
--------------------------------------------------------
 001   +0.0000000E+00   +0.0000000E+00   +0.0000000E+00
 002   +0.0000000E+00   +0.0000000E+00   +0.0000000E+00
 003   +0.0000000E+00   +0.0000000E+00   +0.0000000E+00
 004   +0.0000000E+00   +0.0000000E+00   +0.0000000E+00


Load Case: Live Load           
======================================================

Applied joint loads
Joint       Fx         Fy         Mz




Nodal Displacements
Node      Delta-X         Delta-Y         Theta-Z 
------------------------------------------------------
 001   +0.0000000E+00  +0.0000000E+00  -2.4390244E-04
 002   +0.0000000E+00  +0.0000000E+00  +8.1300814E-05
 003   +0.0000000E+00  +0.0000000E+00  -8.1300814E-05
 004   +0.0000000E+00  +0.0000000E+00  +2.4390244E-04


Member end Forces 
Member       BMi             BMj             SFi             SFj             AFi             AFj
------------------------------------------------------------------------------------------------------
 001   -2.6016261E-02  -4.5000000E+06  +3.5000000E+03  +6.5000000E+03  +0.0000000E+00  +0.0000000E+00
 002   +4.5000000E+06  -4.5000000E+06  +7.5000000E+03  +7.5000000E+03  +0.0000000E+00  +0.0000000E+00
 003   +4.5000000E+06  +2.6016260E-02  +6.5000000E+03  +3.5000000E+03  +0.0000000E+00  +0.0000000E+00


Support Reactions 
Node         Rx               Ry               Mz
--------------------------------------------------------
 001   +0.0000000E+00   +3.5000000E+03   +0.0000000E+00
 002   +0.0000000E+00   +1.4000000E+04   +0.0000000E+00
 003   +0.0000000E+00   +1.4000000E+04   +0.0000000E+00
 004   +0.0000000E+00   +3.5000000E+03   +0.0000000E+00


Load Case: Service Load        
======================================================

Nodal Displacements
Node      Delta-X         Delta-Y         Theta-Z 
------------------------------------------------------
 001   +0.0000000E+00  +0.0000000E+00  -3.4926832E-04
 002   +0.0000000E+00  +0.0000000E+00  +1.1642277E-04
 003   +0.0000000E+00  +0.0000000E+00  -1.1642277E-04
 004   +0.0000000E+00  +0.0000000E+00  +3.4926832E-04


Member end Forces 
Member       BMi             BMj             SFi             SFj             AFi             AFj
------------------------------------------------------------------------------------------------------
 001   -3.7255287E-02  -6.4440000E+06  +6.0920000E+03  +1.0388000E+04  +0.0000000E+00  +0.0000000E+00
 002   +6.4440000E+06  -6.4440000E+06  +1.0740000E+04  +1.0740000E+04  +0.0000000E+00  +0.0000000E+00
 003   +6.4440000E+06  +3.7255283E-02  +1.0388000E+04  +6.0920000E+03  +0.0000000E+00  +0.0000000E+00


Support Reactions 
Node         Rx               Ry               Mz
--------------------------------------------------------
 001   +0.0000000E+00   +6.0920000E+03   +0.0000000E+00
 002   +0.0000000E+00   +2.1128000E+04   +0.0000000E+00
 003   +0.0000000E+00   +2.1128000E+04   +0.0000000E+00
 004   +0.0000000E+00   +6.0920000E+03   +0.0000000E+00


Load Case: Ultimate Load       
======================================================

Nodal Displacements
Node      Delta-X         Delta-Y         Theta-Z 
------------------------------------------------------
 001   +0.0000000E+00  +0.0000000E+00  -5.6214636E-04
 002   +0.0000000E+00  +0.0000000E+00  +1.8738212E-04
 003   +0.0000000E+00  +0.0000000E+00  -1.8738212E-04
 004   +0.0000000E+00  +0.0000000E+00  +5.6214636E-04


Member end Forces 
Member       BMi             BMj             SFi             SFj             AFi             AFj
------------------------------------------------------------------------------------------------------
 001   -5.9962280E-02  -1.0371600E+07  +9.5788008E+03  +1.6493201E+04  +0.0000000E+00  +0.0000000E+00
 002   +1.0371600E+07  -1.0371600E+07  +1.7286000E+04  +1.7286000E+04  +0.0000000E+00  +0.0000000E+00
 003   +1.0371600E+07  +5.9962276E-02  +1.6493201E+04  +9.5788008E+03  +0.0000000E+00  +0.0000000E+00


Support Reactions 
Node         Rx               Ry               Mz
--------------------------------------------------------
 001   +0.0000000E+00   +9.5788008E+03   +0.0000000E+00
 002   +0.0000000E+00   +3.3779199E+04   +0.0000000E+00
 003   +0.0000000E+00   +3.3779199E+04   +0.0000000E+00
 004   +0.0000000E+00   +9.5788008E+03   +0.0000000E+00
