GRASP - Graphical Rapid Analysis of Structures Program        Version:     1.17
                                                                               
Data ID: center2load                                          Date: Mar-24-2017
Comprehensive Results File                                    Time:    03:06 PM
===============================================================================
                                                                              

Overall Parameters
 Members =  2 
 Nodes   =  3 

Joint Coordinates
Joint        X          Y
 1             7000          2000 
 2             16000         2000 
 3             25000         2000 


Member Information
Member   JJ    JK        AX        ZI        EL        CX        CY
 1             1             2             90000         6.75E+08      9000          1             0 
 2             2             3             90000         6.75E+08      9000          1             0 


Joint Restraints 
Joint   JR1     JR2     JR3
 1             0             1             0 
 2             1             1             0 
 3             0             1             0 




Load Case: Self Load           
======================================================

Applied joint loads
Joint       Fx         Fy         Mz




Nodal Displacements
Node      Delta-X         Delta-Y         Theta-Z 
------------------------------------------------------
 001   +0.0000000E+00  +0.0000000E+00  -2.3707318E-03
 002   +0.0000000E+00  +0.0000000E+00  +1.1503766E-19
 003   +0.0000000E+00  +0.0000000E+00  +2.3707318E-03


Member end Forces 
Member       BMi             BMj             SFi             SFj             AFi             AFj
------------------------------------------------------------------------------------------------------
 001   +3.0345368E-01  -2.1870002E+07  +7.2900000E+03  +1.2150000E+04  +0.0000000E+00  +0.0000000E+00
 002   +2.1870002E+07  -3.0345368E-01  +1.2150000E+04  +7.2900000E+03  +0.0000000E+00  +0.0000000E+00


Support Reactions 
Node         Rx               Ry               Mz
--------------------------------------------------------
 001   +0.0000000E+00   +7.2900000E+03   +0.0000000E+00
 002   +0.0000000E+00   +2.4300000E+04   +0.0000000E+00
 003   +0.0000000E+00   +7.2900000E+03   +0.0000000E+00


Load Case: Dead Load           
======================================================

Applied joint loads
Joint       Fx         Fy         Mz




Nodal Displacements
Node      Delta-X         Delta-Y         Theta-Z 
------------------------------------------------------
 001   +0.0000000E+00  +0.0000000E+00  +0.0000000E+00
 002   +0.0000000E+00  +0.0000000E+00  +0.0000000E+00
 003   +0.0000000E+00  +0.0000000E+00  +0.0000000E+00


Member end Forces 
Member       BMi             BMj             SFi             SFj             AFi             AFj
------------------------------------------------------------------------------------------------------
 001   +0.0000000E+00  +0.0000000E+00  +0.0000000E+00  +0.0000000E+00  +0.0000000E+00  +0.0000000E+00
 002   +0.0000000E+00  +0.0000000E+00  +0.0000000E+00  +0.0000000E+00  +0.0000000E+00  +0.0000000E+00


Support Reactions 
Node         Rx               Ry               Mz
--------------------------------------------------------
 001   +0.0000000E+00   +0.0000000E+00   +0.0000000E+00
 002   +0.0000000E+00   +0.0000000E+00   +0.0000000E+00
 003   +0.0000000E+00   +0.0000000E+00   +0.0000000E+00


Load Case: Live Load           
======================================================

Applied joint loads
Joint       Fx         Fy         Mz




Nodal Displacements
Node      Delta-X         Delta-Y         Theta-Z 
------------------------------------------------------
 001   +0.0000000E+00  +0.0000000E+00  -3.6585365E-03
 002   +0.0000000E+00  +0.0000000E+00  +1.5098362E-19
 003   +0.0000000E+00  +0.0000000E+00  +3.6585365E-03


Member end Forces 
Member       BMi             BMj             SFi             SFj             AFi             AFj
------------------------------------------------------------------------------------------------------
 001   +4.6829268E-01  -3.3750000E+07  +6.2500000E+03  +1.3750000E+04  +0.0000000E+00  +0.0000000E+00
 002   +3.3750000E+07  -4.6829268E-01  +1.3750000E+04  +6.2500000E+03  +0.0000000E+00  +0.0000000E+00


Support Reactions 
Node         Rx               Ry               Mz
--------------------------------------------------------
 001   +0.0000000E+00   +6.2500000E+03   +0.0000000E+00
 002   +0.0000000E+00   +2.7500000E+04   +0.0000000E+00
 003   +0.0000000E+00   +6.2500000E+03   +0.0000000E+00


Load Case: Service Load        
======================================================

Nodal Displacements
Node      Delta-X         Delta-Y         Theta-Z 
------------------------------------------------------
 001   +0.0000000E+00  +0.0000000E+00  -6.0292683E-03
 002   +0.0000000E+00  +0.0000000E+00  +2.6602128E-19
 003   +0.0000000E+00  +0.0000000E+00  +6.0292683E-03


Member end Forces 
Member       BMi             BMj             SFi             SFj             AFi             AFj
------------------------------------------------------------------------------------------------------
 001   +7.7174640E-01  -5.5620000E+07  +1.3540000E+04  +2.5900000E+04  +0.0000000E+00  +0.0000000E+00
 002   +5.5620000E+07  -7.7174640E-01  +2.5900000E+04  +1.3540000E+04  +0.0000000E+00  +0.0000000E+00


Support Reactions 
Node         Rx               Ry               Mz
--------------------------------------------------------
 001   +0.0000000E+00   +1.3540000E+04   +0.0000000E+00
 002   +0.0000000E+00   +5.1800000E+04   +0.0000000E+00
 003   +0.0000000E+00   +1.3540000E+04   +0.0000000E+00


Load Case: Ultimate Load       
======================================================

Nodal Displacements
Node      Delta-X         Delta-Y         Theta-Z 
------------------------------------------------------
 001   +0.0000000E+00  +0.0000000E+00  -9.5385369E-03
 002   +0.0000000E+00  +0.0000000E+00  +4.1772489E-19
 003   +0.0000000E+00  +0.0000000E+00  +9.5385369E-03


Member end Forces 
Member       BMi             BMj             SFi             SFj             AFi             AFj
------------------------------------------------------------------------------------------------------
 001   +1.2209327E+00  -8.7993000E+07  +2.0831000E+04  +4.0385000E+04  +0.0000000E+00  +0.0000000E+00
 002   +8.7993000E+07  -1.2209327E+00  +4.0385000E+04  +2.0831000E+04  +0.0000000E+00  +0.0000000E+00


Support Reactions 
Node         Rx               Ry               Mz
--------------------------------------------------------
 001   +0.0000000E+00   +2.0831000E+04   +0.0000000E+00
 002   +0.0000000E+00   +8.0770000E+04   +0.0000000E+00
 003   +0.0000000E+00   +2.0831000E+04   +0.0000000E+00
