GRASP - Graphical Rapid Analysis of Structures Program        Version:     1.17
                                                                               
Data ID: combosample                                          Date: Mar-24-2017
Comprehensive Results File                                    Time:    06:10 PM
===============================================================================
                                                                              

Overall Parameters
 Members =  2 
 Nodes   =  3 

Joint Coordinates
Joint        X          Y
 1             4000          2000 
 2             13000         2000 
 3             22000         2000 


Member Information
Member   JJ    JK        AX        ZI        EL        CX        CY
 1             1             2             90000         6.75E+08      9000          1             0 
 2             2             3             90000         6.75E+08      9000          1             0 


Joint Restraints 
Joint   JR1     JR2     JR3
 1             0             1             0 
 2             1             1             0 
 3             0             1             0 




Load Case: Self Load           
======================================================

Applied joint loads
Joint       Fx         Fy         Mz




Nodal Displacements
Node      Delta-X         Delta-Y         Theta-Z 
------------------------------------------------------
 001   +0.0000000E+00  +0.0000000E+00  -2.3707318E-03
 002   +0.0000000E+00  +0.0000000E+00  +1.1503766E-19
 003   +0.0000000E+00  +0.0000000E+00  +2.3707318E-03


Member end Forces 
Member       BMi             BMj             SFi             SFj             AFi             AFj
------------------------------------------------------------------------------------------------------
 001   +3.0345368E-01  -2.1870002E+07  +7.2900000E+03  +1.2150000E+04  +0.0000000E+00  +0.0000000E+00
 002   +2.1870002E+07  -3.0345368E-01  +1.2150000E+04  +7.2900000E+03  +0.0000000E+00  +0.0000000E+00


Support Reactions 
Node         Rx               Ry               Mz
--------------------------------------------------------
 001   +0.0000000E+00   +7.2900000E+03   +0.0000000E+00
 002   +0.0000000E+00   +2.4300000E+04   +0.0000000E+00
 003   +0.0000000E+00   +7.2900000E+03   +0.0000000E+00


Load Case: Dead Load           
======================================================

Applied joint loads
Joint       Fx         Fy         Mz




Nodal Displacements
Node      Delta-X         Delta-Y         Theta-Z 
------------------------------------------------------
 001   +0.0000000E+00  +0.0000000E+00  +0.0000000E+00
 002   +0.0000000E+00  +0.0000000E+00  +0.0000000E+00
 003   +0.0000000E+00  +0.0000000E+00  +0.0000000E+00


Member end Forces 
Member       BMi             BMj             SFi             SFj             AFi             AFj
------------------------------------------------------------------------------------------------------
 001   +0.0000000E+00  +0.0000000E+00  +0.0000000E+00  +0.0000000E+00  +0.0000000E+00  +0.0000000E+00
 002   +0.0000000E+00  +0.0000000E+00  +0.0000000E+00  +0.0000000E+00  +0.0000000E+00  +0.0000000E+00


Support Reactions 
Node         Rx               Ry               Mz
--------------------------------------------------------
 001   +0.0000000E+00   +0.0000000E+00   +0.0000000E+00
 002   +0.0000000E+00   +0.0000000E+00   +0.0000000E+00
 003   +0.0000000E+00   +0.0000000E+00   +0.0000000E+00


Load Case: Live Load           
======================================================

Applied joint loads
Joint       Fx         Fy         Mz




Nodal Displacements
Node      Delta-X         Delta-Y         Theta-Z 
------------------------------------------------------
 001   +0.0000000E+00  +0.0000000E+00  -5.1829259E-03
 002   +0.0000000E+00  +0.0000000E+00  -2.6422768E-03
 003   +0.0000000E+00  +0.0000000E+00  +1.0467480E-02


Member end Forces 
Member       BMi             BMj             SFi             SFj             AFi             AFj
------------------------------------------------------------------------------------------------------
 001   +8.3252025E-01  -7.2187496E+07  +1.1979163E+04  +2.8020832E+04  +0.0000000E+00  +0.0000000E+00
 002   +7.2187496E+07  -1.1707317E+00  +3.3020832E+04  +1.6979168E+04  +0.0000000E+00  +0.0000000E+00


Support Reactions 
Node         Rx               Ry               Mz
--------------------------------------------------------
 001   +0.0000000E+00   +1.1979163E+04   +0.0000000E+00
 002   +0.0000000E+00   +6.1041664E+04   +0.0000000E+00
 003   +0.0000000E+00   +1.6979168E+04   +0.0000000E+00


Load Case: Service Load        
======================================================

Nodal Displacements
Node      Delta-X         Delta-Y         Theta-Z 
------------------------------------------------------
 001   +0.0000000E+00  +0.0000000E+00  -7.5536580E-03
 002   +0.0000000E+00  +0.0000000E+00  -2.6422767E-03
 003   +0.0000000E+00  +0.0000000E+00  +1.2838212E-02


Member end Forces 
Member       BMi             BMj             SFi             SFj             AFi             AFj
------------------------------------------------------------------------------------------------------
 001   +1.1359739E+00  -9.4057496E+07  +1.9269164E+04  +4.0170832E+04  +0.0000000E+00  +0.0000000E+00
 002   +9.4057496E+07  -1.4741853E+00  +4.5170832E+04  +2.4269168E+04  +0.0000000E+00  +0.0000000E+00


Support Reactions 
Node         Rx               Ry               Mz
--------------------------------------------------------
 001   +0.0000000E+00   +1.9269164E+04   +0.0000000E+00
 002   +0.0000000E+00   +8.5341664E+04   +0.0000000E+00
 003   +0.0000000E+00   +2.4269168E+04   +0.0000000E+00


Load Case: Ultimate Load       
======================================================

Nodal Displacements
Node      Delta-X         Delta-Y         Theta-Z 
------------------------------------------------------
 001   +0.0000000E+00  +0.0000000E+00  -1.2129999E-02
 002   +0.0000000E+00  +0.0000000E+00  -4.4918708E-03
 003   +0.0000000E+00  +0.0000000E+00  +2.1113740E-02


Member end Forces 
Member       BMi             BMj             SFi             SFj             AFi             AFj
------------------------------------------------------------------------------------------------------
 001   +1.8401196E+00  -1.5333675E+08  +3.0570578E+04  +6.4645414E+04  +0.0000000E+00  +0.0000000E+00
 002   +1.5333675E+08  -2.4150791E+00  +7.3145414E+04  +3.9070586E+04  +0.0000000E+00  +0.0000000E+00


Support Reactions 
Node         Rx               Ry               Mz
--------------------------------------------------------
 001   +0.0000000E+00   +3.0570578E+04   +0.0000000E+00
 002   +0.0000000E+00   +1.3779083E+05   +0.0000000E+00
 003   +0.0000000E+00   +3.9070586E+04   +0.0000000E+00
