GRASP - Graphical Rapid Analysis of Structures Program        Version:     1.17
                                                                               
Data ID: lefttri                                              Date: Mar-23-2017
Comprehensive Results File                                    Time:    01:49 PM
===============================================================================
                                                                              

Overall Parameters
 Members =  1 
 Nodes   =  2 

Joint Coordinates
Joint        X          Y
 1             5000          2000 
 2             14000         2000 


Member Information
Member   JJ    JK        AX        ZI        EL        CX        CY
 1             1             2             90000         6.75E+08      9000          1             0 


Joint Restraints 
Joint   JR1     JR2     JR3
 1             0             1             0 
 2             1             1             0 




Load Case: Self Load           
======================================================

Applied joint loads
Joint       Fx         Fy         Mz




Nodal Displacements
Node      Delta-X         Delta-Y         Theta-Z 
------------------------------------------------------
 001   +0.0000000E+00  +0.0000000E+00  -4.7414636E-03
 002   +0.0000000E+00  +0.0000000E+00  +4.7414636E-03


Member end Forces 
Member       BMi             BMj             SFi             SFj             AFi             AFj
------------------------------------------------------------------------------------------------------
 001   +3.0345368E-01  -3.0345368E-01  +9.7200000E+03  +9.7200000E+03  +0.0000000E+00  +0.0000000E+00


Support Reactions 
Node         Rx               Ry               Mz
--------------------------------------------------------
 001   +0.0000000E+00   +9.7200000E+03   +0.0000000E+00
 002   +0.0000000E+00   +9.7200000E+03   +0.0000000E+00


Load Case: Dead Load           
======================================================

Applied joint loads
Joint       Fx         Fy         Mz




Nodal Displacements
Node      Delta-X         Delta-Y         Theta-Z 
------------------------------------------------------
 001   +0.0000000E+00  +0.0000000E+00  +0.0000000E+00
 002   +0.0000000E+00  +0.0000000E+00  +0.0000000E+00


Member end Forces 
Member       BMi             BMj             SFi             SFj             AFi             AFj
------------------------------------------------------------------------------------------------------
 001   +0.0000000E+00  +0.0000000E+00  +0.0000000E+00  +0.0000000E+00  +0.0000000E+00  +0.0000000E+00


Support Reactions 
Node         Rx               Ry               Mz
--------------------------------------------------------
 001   +0.0000000E+00   +0.0000000E+00   +0.0000000E+00
 002   +0.0000000E+00   +0.0000000E+00   +0.0000000E+00


Load Case: Live Load           
======================================================

Applied joint loads
Joint       Fx         Fy         Mz




Nodal Displacements
Node      Delta-X         Delta-Y         Theta-Z 
------------------------------------------------------
 001   +0.0000000E+00  +0.0000000E+00  -2.3414634E-02
 002   +0.0000000E+00  +0.0000000E+00  +2.0487805E-02


Member end Forces 
Member       BMi             BMj             SFi             SFj             AFi             AFj
------------------------------------------------------------------------------------------------------
 001   +1.6858536E+00  -1.1239024E+00  +6.0000000E+04  +3.0000000E+04  +0.0000000E+00  +0.0000000E+00


Support Reactions 
Node         Rx               Ry               Mz
--------------------------------------------------------
 001   +0.0000000E+00   +6.0000000E+04   +0.0000000E+00
 002   +0.0000000E+00   +3.0000000E+04   +0.0000000E+00


Load Case: Service Load        
======================================================

Nodal Displacements
Node      Delta-X         Delta-Y         Theta-Z 
------------------------------------------------------
 001   +0.0000000E+00  +0.0000000E+00  -2.8156098E-02
 002   +0.0000000E+00  +0.0000000E+00  +2.5229270E-02


Member end Forces 
Member       BMi             BMj             SFi             SFj             AFi             AFj
------------------------------------------------------------------------------------------------------
 001   +1.9893073E+00  -1.4273561E+00  +6.9720000E+04  +3.9720000E+04  +0.0000000E+00  +0.0000000E+00


Support Reactions 
Node         Rx               Ry               Mz
--------------------------------------------------------
 001   +0.0000000E+00   +6.9720000E+04   +0.0000000E+00
 002   +0.0000000E+00   +3.9720000E+04   +0.0000000E+00


Load Case: Ultimate Load       
======================================================

Nodal Displacements
Node      Delta-X         Delta-Y         Theta-Z 
------------------------------------------------------
 001   +0.0000000E+00  +0.0000000E+00  -4.6442930E-02
 002   +0.0000000E+00  +0.0000000E+00  +4.1467320E-02


Member end Forces 
Member       BMi             BMj             SFi             SFj             AFi             AFj
------------------------------------------------------------------------------------------------------
 001   +3.2907863E+00  -2.3354692E+00  +1.1560800E+05  +6.4608000E+04  +0.0000000E+00  +0.0000000E+00


Support Reactions 
Node         Rx               Ry               Mz
--------------------------------------------------------
 001   +0.0000000E+00   +1.1560800E+05   +0.0000000E+00
 002   +0.0000000E+00   +6.4608000E+04   +0.0000000E+00
