GRASP - Graphical Rapid Analysis of Structures Program        Version:     1.17
                                                                               
Data ID: rec                                                  Date: Mar-21-2017
Comprehensive Results File                                    Time:    10:45 PM
===============================================================================
                                                                              

Overall Parameters
 Members =  1 
 Nodes   =  2 

Joint Coordinates
Joint        X          Y
 1             6000          2000 
 2             15000         2000 


Member Information
Member   JJ    JK        AX        ZI        EL        CX        CY
 1             1             2             90000         6.75E+08      9000          1             0 


Joint Restraints 
Joint   JR1     JR2     JR3
 1             0             1             0 
 2             1             1             0 




Load Case: Self Load           
======================================================

Applied joint loads
Joint       Fx         Fy         Mz




Nodal Displacements
Node      Delta-X         Delta-Y         Theta-Z 
------------------------------------------------------
 001   +0.0000000E+00  +0.0000000E+00  -4.7414636E-03
 002   +0.0000000E+00  +0.0000000E+00  +4.7414636E-03


Member end Forces 
Member       BMi             BMj             SFi             SFj             AFi             AFj
------------------------------------------------------------------------------------------------------
 001   +3.0345368E-01  -3.0345368E-01  +9.7200000E+03  +9.7200000E+03  +0.0000000E+00  +0.0000000E+00


Support Reactions 
Node         Rx               Ry               Mz
--------------------------------------------------------
 001   +0.0000000E+00   +9.7200000E+03   +0.0000000E+00
 002   +0.0000000E+00   +9.7200000E+03   +0.0000000E+00


Load Case: Dead Load           
======================================================

Applied joint loads
Joint       Fx         Fy         Mz




Nodal Displacements
Node      Delta-X         Delta-Y         Theta-Z 
------------------------------------------------------
 001   +0.0000000E+00  +0.0000000E+00  +0.0000000E+00
 002   +0.0000000E+00  +0.0000000E+00  +0.0000000E+00


Member end Forces 
Member       BMi             BMj             SFi             SFj             AFi             AFj
------------------------------------------------------------------------------------------------------
 001   +0.0000000E+00  +0.0000000E+00  +0.0000000E+00  +0.0000000E+00  +0.0000000E+00  +0.0000000E+00


Support Reactions 
Node         Rx               Ry               Mz
--------------------------------------------------------
 001   +0.0000000E+00   +0.0000000E+00   +0.0000000E+00
 002   +0.0000000E+00   +0.0000000E+00   +0.0000000E+00


Load Case: Live Load           
======================================================

Applied joint loads
Joint       Fx         Fy         Mz




Nodal Displacements
Node      Delta-X         Delta-Y         Theta-Z 
------------------------------------------------------
 001   +0.0000000E+00  +0.0000000E+00  -2.1951219E-02
 002   +0.0000000E+00  +0.0000000E+00  +2.1951219E-02


Member end Forces 
Member       BMi             BMj             SFi             SFj             AFi             AFj
------------------------------------------------------------------------------------------------------
 001   +1.4048780E+00  -1.4048780E+00  +4.5000000E+04  +4.5000000E+04  +0.0000000E+00  +0.0000000E+00


Support Reactions 
Node         Rx               Ry               Mz
--------------------------------------------------------
 001   +0.0000000E+00   +4.5000000E+04   +0.0000000E+00
 002   +0.0000000E+00   +4.5000000E+04   +0.0000000E+00


Load Case: Service Load        
======================================================

Nodal Displacements
Node      Delta-X         Delta-Y         Theta-Z 
------------------------------------------------------
 001   +0.0000000E+00  +0.0000000E+00  -2.6692683E-02
 002   +0.0000000E+00  +0.0000000E+00  +2.6692683E-02


Member end Forces 
Member       BMi             BMj             SFi             SFj             AFi             AFj
------------------------------------------------------------------------------------------------------
 001   +1.7083317E+00  -1.7083317E+00  +5.4720000E+04  +5.4720000E+04  +0.0000000E+00  +0.0000000E+00


Support Reactions 
Node         Rx               Ry               Mz
--------------------------------------------------------
 001   +0.0000000E+00   +5.4720000E+04   +0.0000000E+00
 002   +0.0000000E+00   +5.4720000E+04   +0.0000000E+00


Load Case: Ultimate Load       
======================================================

Nodal Displacements
Node      Delta-X         Delta-Y         Theta-Z 
------------------------------------------------------
 001   +0.0000000E+00  +0.0000000E+00  -4.3955121E-02
 002   +0.0000000E+00  +0.0000000E+00  +4.3955121E-02


Member end Forces 
Member       BMi             BMj             SFi             SFj             AFi             AFj
------------------------------------------------------------------------------------------------------
 001   +2.8131278E+00  -2.8131278E+00  +9.0108000E+04  +9.0108000E+04  +0.0000000E+00  +0.0000000E+00


Support Reactions 
Node         Rx               Ry               Mz
--------------------------------------------------------
 001   +0.0000000E+00   +9.0108000E+04   +0.0000000E+00
 002   +0.0000000E+00   +9.0108000E+04   +0.0000000E+00
