GRASP - Graphical Rapid Analysis of Structures Program        Version:     1.17
                                                                               
Data ID: recx2                                                Date: Mar-23-2017
Comprehensive Results File                                    Time:    03:31 PM
===============================================================================
                                                                              

Overall Parameters
 Members =  2 
 Nodes   =  3 

Joint Coordinates
Joint        X          Y
 1             5000          3000 
 2             10000         3000 
 3             15000         3000 


Member Information
Member   JJ    JK        AX        ZI        EL        CX        CY
 1             1             2             90000         6.75E+08      5000          1             0 
 2             2             3             90000         6.75E+08      5000          1             0 


Joint Restraints 
Joint   JR1     JR2     JR3
 1             0             1             0 
 2             1             1             0 
 3             0             1             0 




Load Case: Self Load           
======================================================

Applied joint loads
Joint       Fx         Fy         Mz




Nodal Displacements
Node      Delta-X         Delta-Y         Theta-Z 
------------------------------------------------------
 001   +0.0000000E+00  +0.0000000E+00  -4.0650406E-04
 002   +0.0000000E+00  +0.0000000E+00  +1.9997918E-20
 003   +0.0000000E+00  +0.0000000E+00  +4.0650406E-04


Member end Forces 
Member       BMi             BMj             SFi             SFj             AFi             AFj
------------------------------------------------------------------------------------------------------
 001   +5.2032519E-02  -6.7500000E+06  +4.0500000E+03  +6.7500000E+03  +0.0000000E+00  +0.0000000E+00
 002   +6.7500000E+06  -5.2032519E-02  +6.7500000E+03  +4.0500000E+03  +0.0000000E+00  +0.0000000E+00


Support Reactions 
Node         Rx               Ry               Mz
--------------------------------------------------------
 001   +0.0000000E+00   +4.0500000E+03   +0.0000000E+00
 002   +0.0000000E+00   +1.3500000E+04   +0.0000000E+00
 003   +0.0000000E+00   +4.0500000E+03   +0.0000000E+00


Load Case: Dead Load           
======================================================

Applied joint loads
Joint       Fx         Fy         Mz




Nodal Displacements
Node      Delta-X         Delta-Y         Theta-Z 
------------------------------------------------------
 001   +0.0000000E+00  +0.0000000E+00  +0.0000000E+00
 002   +0.0000000E+00  +0.0000000E+00  +0.0000000E+00
 003   +0.0000000E+00  +0.0000000E+00  +0.0000000E+00


Member end Forces 
Member       BMi             BMj             SFi             SFj             AFi             AFj
------------------------------------------------------------------------------------------------------
 001   +0.0000000E+00  +0.0000000E+00  +0.0000000E+00  +0.0000000E+00  +0.0000000E+00  +0.0000000E+00
 002   +0.0000000E+00  +0.0000000E+00  +0.0000000E+00  +0.0000000E+00  +0.0000000E+00  +0.0000000E+00


Support Reactions 
Node         Rx               Ry               Mz
--------------------------------------------------------
 001   +0.0000000E+00   +0.0000000E+00   +0.0000000E+00
 002   +0.0000000E+00   +0.0000000E+00   +0.0000000E+00
 003   +0.0000000E+00   +0.0000000E+00   +0.0000000E+00


Load Case: Live Load           
======================================================

Applied joint loads
Joint       Fx         Fy         Mz




Nodal Displacements
Node      Delta-X         Delta-Y         Theta-Z 
------------------------------------------------------
 001   +0.0000000E+00  +0.0000000E+00  -1.8819633E-03
 002   +0.0000000E+00  +0.0000000E+00  +4.5316263E-20
 003   +0.0000000E+00  +0.0000000E+00  +1.8819633E-03


Member end Forces 
Member       BMi             BMj             SFi             SFj             AFi             AFj
------------------------------------------------------------------------------------------------------
 001   +2.4089131E-01  -3.1250000E+07  +1.8750000E+04  +3.1250000E+04  +0.0000000E+00  +0.0000000E+00
 002   +3.1250000E+07  -2.4089131E-01  +3.1250000E+04  +1.8750000E+04  +0.0000000E+00  +0.0000000E+00


Support Reactions 
Node         Rx               Ry               Mz
--------------------------------------------------------
 001   +0.0000000E+00   +1.8750000E+04   +0.0000000E+00
 002   +0.0000000E+00   +6.2500000E+04   +0.0000000E+00
 003   +0.0000000E+00   +1.8750000E+04   +0.0000000E+00


Load Case: Service Load        
======================================================

Nodal Displacements
Node      Delta-X         Delta-Y         Theta-Z 
------------------------------------------------------
 001   +0.0000000E+00  +0.0000000E+00  -2.2884673E-03
 002   +0.0000000E+00  +0.0000000E+00  +6.5314181E-20
 003   +0.0000000E+00  +0.0000000E+00  +2.2884673E-03


Member end Forces 
Member       BMi             BMj             SFi             SFj             AFi             AFj
------------------------------------------------------------------------------------------------------
 001   +2.9292384E-01  -3.8000000E+07  +2.2800000E+04  +3.8000000E+04  +0.0000000E+00  +0.0000000E+00
 002   +3.8000000E+07  -2.9292384E-01  +3.8000000E+04  +2.2800000E+04  +0.0000000E+00  +0.0000000E+00


Support Reactions 
Node         Rx               Ry               Mz
--------------------------------------------------------
 001   +0.0000000E+00   +2.2800000E+04   +0.0000000E+00
 002   +0.0000000E+00   +7.6000000E+04   +0.0000000E+00
 003   +0.0000000E+00   +2.2800000E+04   +0.0000000E+00


Load Case: Ultimate Load       
======================================================

Nodal Displacements
Node      Delta-X         Delta-Y         Theta-Z 
------------------------------------------------------
 001   +0.0000000E+00  +0.0000000E+00  -3.7684434E-03
 002   +0.0000000E+00  +0.0000000E+00  +1.0503474E-19
 003   +0.0000000E+00  +0.0000000E+00  +3.7684434E-03


Member end Forces 
Member       BMi             BMj             SFi             SFj             AFi             AFj
------------------------------------------------------------------------------------------------------
 001   +4.8236075E-01  -6.2575000E+07  +3.7545000E+04  +6.2575000E+04  +0.0000000E+00  +0.0000000E+00
 002   +6.2575000E+07  -4.8236075E-01  +6.2575000E+04  +3.7545000E+04  +0.0000000E+00  +0.0000000E+00


Support Reactions 
Node         Rx               Ry               Mz
--------------------------------------------------------
 001   +0.0000000E+00   +3.7545000E+04   +0.0000000E+00
 002   +0.0000000E+00   +1.2515000E+05   +0.0000000E+00
 003   +0.0000000E+00   +3.7545000E+04   +0.0000000E+00
