GRASP - Graphical Rapid Analysis of Structures Program        Version:     1.17
                                                                               
Data ID: sample1                                              Date: Mar-23-2017
Comprehensive Results File                                    Time:    11:18 AM
===============================================================================
                                                                              

Overall Parameters
 Members =  2 
 Nodes   =  3 

Joint Coordinates
Joint        X          Y
 1             5000          2000 
 2             8000          2000 
 3             12000         2000 


Member Information
Member   JJ    JK        AX        ZI        EL        CX        CY
 1             1             2             90000         6.75E+08      3000          1             0 
 2             2             3             90000         6.75E+08      4000          1             0 


Joint Restraints 
Joint   JR1     JR2     JR3
 1             1             1             1 
 2             0             1             0 
 3             1             1             1 




Load Case: Self Load           
======================================================

Applied joint loads
Joint       Fx         Fy         Mz




Nodal Displacements
Node      Delta-X         Delta-Y         Theta-Z 
------------------------------------------------------
 001   +0.0000000E+00  +0.0000000E+00  +0.0000000E+00
 002   +0.0000000E+00  +0.0000000E+00  -3.9024386E-05
 003   +0.0000000E+00  +0.0000000E+00  +0.0000000E+00


Member end Forces 
Member       BMi             BMj             SFi             SFj             AFi             AFj
------------------------------------------------------------------------------------------------------
 001   +1.2600001E+06  -2.3400000E+06  +2.8800002E+03  +3.6000002E+03  +0.0000000E+00  +0.0000000E+00
 002   +2.3400000E+06  -3.1500000E+06  +4.1175000E+03  +4.5225000E+03  +0.0000000E+00  +0.0000000E+00


Support Reactions 
Node         Rx               Ry               Mz
--------------------------------------------------------
 001   +0.0000000E+00   +2.8800002E+03   +1.2600001E+06
 002   +0.0000000E+00   +7.7175000E+03   +0.0000000E+00
 003   +0.0000000E+00   +4.5225000E+03   -3.1500000E+06


Load Case: Dead Load           
======================================================

Applied joint loads
Joint       Fx         Fy         Mz




Nodal Displacements
Node      Delta-X         Delta-Y         Theta-Z 
------------------------------------------------------
 001   +0.0000000E+00  +0.0000000E+00  +0.0000000E+00
 002   +0.0000000E+00  +0.0000000E+00  +0.0000000E+00
 003   +0.0000000E+00  +0.0000000E+00  +0.0000000E+00


Member end Forces 
Member       BMi             BMj             SFi             SFj             AFi             AFj
------------------------------------------------------------------------------------------------------
 001   +0.0000000E+00  +0.0000000E+00  +0.0000000E+00  +0.0000000E+00  +0.0000000E+00  +0.0000000E+00
 002   +0.0000000E+00  +0.0000000E+00  +0.0000000E+00  +0.0000000E+00  +0.0000000E+00  +0.0000000E+00


Support Reactions 
Node         Rx               Ry               Mz
--------------------------------------------------------
 001   +0.0000000E+00   +0.0000000E+00   +0.0000000E+00
 002   +0.0000000E+00   +0.0000000E+00   +0.0000000E+00
 003   +0.0000000E+00   +0.0000000E+00   +0.0000000E+00


Load Case: Live Load           
======================================================

Applied joint loads
Joint       Fx         Fy         Mz




Nodal Displacements
Node      Delta-X         Delta-Y         Theta-Z 
------------------------------------------------------
 001   +0.0000000E+00  +0.0000000E+00  +0.0000000E+00
 002   +0.0000000E+00  +0.0000000E+00  +9.2915214E-04
 003   +0.0000000E+00  +0.0000000E+00  +0.0000000E+00


Member end Forces 
Member       BMi             BMj             SFi             SFj             AFi             AFj
------------------------------------------------------------------------------------------------------
 001   +3.8571428E+07  -1.2857143E+07  +6.8571430E+04  +5.1428570E+04  +0.0000000E+00  +0.0000000E+00
 002   +1.2857143E+07  +6.4285715E+06  +4.8214287E+03  -4.8214287E+03  +0.0000000E+00  +0.0000000E+00


Support Reactions 
Node         Rx               Ry               Mz
--------------------------------------------------------
 001   +0.0000000E+00   +6.8571430E+04   +3.8571428E+07
 002   +0.0000000E+00   +5.6250000E+04   +0.0000000E+00
 003   +0.0000000E+00   -4.8214287E+03   +6.4285715E+06


Load Case: Service Load        
======================================================

Nodal Displacements
Node      Delta-X         Delta-Y         Theta-Z 
------------------------------------------------------
 001   +0.0000000E+00  +0.0000000E+00  +0.0000000E+00
 002   +0.0000000E+00  +0.0000000E+00  +8.9012773E-04
 003   +0.0000000E+00  +0.0000000E+00  +0.0000000E+00


Member end Forces 
Member       BMi             BMj             SFi             SFj             AFi             AFj
------------------------------------------------------------------------------------------------------
 001   +3.9831428E+07  -1.5197143E+07  +7.1451430E+04  +5.5028570E+04  +0.0000000E+00  +0.0000000E+00
 002   +1.5197143E+07  +3.2785715E+06  +8.9389287E+03  -2.9892871E+02  +0.0000000E+00  +0.0000000E+00


Support Reactions 
Node         Rx               Ry               Mz
--------------------------------------------------------
 001   +0.0000000E+00   +7.1451430E+04   +3.9831428E+07
 002   +0.0000000E+00   +6.3967500E+04   +0.0000000E+00
 003   +0.0000000E+00   -2.9892871E+02   +3.2785715E+06


Load Case: Ultimate Load       
======================================================

Nodal Displacements
Node      Delta-X         Delta-Y         Theta-Z 
------------------------------------------------------
 001   +0.0000000E+00  +0.0000000E+00  +0.0000000E+00
 002   +0.0000000E+00  +0.0000000E+00  +1.5249245E-03
 003   +0.0000000E+00  +0.0000000E+00  +0.0000000E+00


Member end Forces 
Member       BMi             BMj             SFi             SFj             AFi             AFj
------------------------------------------------------------------------------------------------------
 001   +6.7335432E+07  -2.5133144E+07  +1.2060344E+05  +9.2468570E+04  +0.0000000E+00  +0.0000000E+00
 002   +2.5133144E+07  +6.5185720E+06  +1.3960929E+04  -1.8649291E+03  +0.0000000E+00  +0.0000000E+00


Support Reactions 
Node         Rx               Ry               Mz
--------------------------------------------------------
 001   +0.0000000E+00   +1.2060344E+05   +6.7335432E+07
 002   +0.0000000E+00   +1.0642950E+05   +0.0000000E+00
 003   +0.0000000E+00   -1.8649291E+03   +6.5185720E+06
