GRASP - Graphical Rapid Analysis of Structures Program        Version:     1.17
                                                                               
Data ID: Example 1                                            Date: Dec-02-2014
Comprehensive Results File                                    Time:    10:04 AM
===============================================================================
                                                                              

Overall Parameters
 Members =  9 
 Nodes   =  6 

Joint Coordinates
Joint        X          Y
 1             0             0 
 2             24            0 
 3             48            0 
 4             72            0 
 5             24            6 
 6             48            6 


Member Information
Member   JJ    JK        AX        ZI        EL        CX        CY
 1             1             2             144           1728          24            1             0 
 2             2             3             144           1728          24            1             0 
 3             3             4             144           1728          24            1             0 
 4             2             5             144           1728          6             0             1 
 5             3             6             144           1728          6             0             1 
 6             1             5             144           1728          24.73863      0.9701425     0.2425356 
 7             5             6             144           1728          24            1             0 
 8             6             4             144           1728          24.73863      0.9701425    -0.2425356 
 9             2             6             144           1728          24.73863      0.9701425     0.2425356 


Joint Restraints 
Joint   JR1     JR2     JR3
 1             1             1             0 
 3             0             1             0 




Load Case: Self Load           
======================================================

Applied joint loads
Joint       Fx         Fy




Nodal Displacements
Node      Delta-X         Delta-Y
------------------------------------
 001   +0.0000000E+00  +0.0000000E+00
 002   +1.5448758E-04  -1.9164770E-03
 003   +3.0897515E-04  -1.9184846E-03
 004   +4.6346273E-04  +0.0000000E+00
 005   +3.0850050E-04  -1.9107812E-03
 006   +1.5401293E-04  -1.9145784E-03


Member end Forces 
Member       AFi             AFj
---------------------------------------------
 001   -3.3369316E+03  +3.3369316E+03
 002   -3.3369316E+03  +3.3369316E+03
 003   -3.3369316E+03  +3.3369316E+03
 004   -4.5461646E+02  +5.2961646E+02
 005   -3.0000000E+02  +3.7500000E+02
 006   +3.4771304E+03  -3.4021304E+03
 007   +3.3369316E+03  -3.3369316E+03
 008   +3.4021304E+03  -3.4771304E+03
 009   +3.7500000E+01  +3.7500000E+01


Support Reactions 
Node         Rx               Ry
--------------------------------------
 001   -8.9363486E-05   +1.1388494E+03
 003   +0.0000000E+00   +0.0000000E+00


Load Case: Dead Load           
======================================================

Applied joint loads
Joint       Fx         Fy




Nodal Displacements
Node      Delta-X         Delta-Y
------------------------------------
 001   +0.0000000E+00  +0.0000000E+00
 002   +0.0000000E+00  +0.0000000E+00
 003   +0.0000000E+00  +0.0000000E+00
 004   +0.0000000E+00  +0.0000000E+00
 005   +0.0000000E+00  +0.0000000E+00
 006   +0.0000000E+00  +0.0000000E+00


Member end Forces 
Member       AFi             AFj
---------------------------------------------
 001   +0.0000000E+00  +0.0000000E+00
 002   +0.0000000E+00  +0.0000000E+00
 003   +0.0000000E+00  +0.0000000E+00
 004   +0.0000000E+00  +0.0000000E+00
 005   +0.0000000E+00  +0.0000000E+00
 006   +0.0000000E+00  +0.0000000E+00
 007   +0.0000000E+00  +0.0000000E+00
 008   +0.0000000E+00  +0.0000000E+00
 009   +0.0000000E+00  +0.0000000E+00


Support Reactions 
Node         Rx               Ry
--------------------------------------
 001   +0.0000000E+00   +0.0000000E+00
 003   +0.0000000E+00   +0.0000000E+00


Load Case: Live Load           
======================================================

Applied joint loads
Joint       Fx         Fy
 002   +0.0000000E+00  -5.0000000E+04   003   +0.0000000E+00  -3.0000000E+04   004   +0.0000000E+00  -5.0000000E+04  



Nodal Displacements
Node      Delta-X         Delta-Y
------------------------------------
 001   +0.0000000E+00  +0.0000000E+00
 002   +8.0246914E-03  -9.6394279E-02
 003   +1.4814815E-02  -8.7873744E-02
 004   +2.1604938E-02  +0.0000000E+00
 005   +1.5184542E-02  -9.5892736E-02
 006   +7.1598508E-03  -8.7526522E-02


Member end Forces 
Member       AFi             AFj
---------------------------------------------
 001   -1.7333333E+05  +1.7333333E+05
 002   -1.4666667E+05  +1.4666667E+05
 003   -1.4666667E+05  +1.4666667E+05
 004   -4.3333332E+04  +4.3333332E+04
 005   -3.0000000E+04  +3.0000000E+04
 006   +1.7866791E+05  -1.7866791E+05
 007   +1.7333333E+05  -1.7333333E+05
 008   +1.5118055E+05  -1.5118055E+05
 009   -2.7487371E+04  +2.7487371E+04


Support Reactions 
Node         Rx               Ry
--------------------------------------
 001   -1.7961375E-03   +4.3333332E+04
 003   +0.0000000E+00   +3.0000000E+04


Load Case: Service Load        
======================================================

Nodal Displacements
Node      Delta-X         Delta-Y
------------------------------------
 001   +0.0000000E+00  +0.0000000E+00
 002   +8.1791794E-03  -9.8310754E-02
 003   +1.5123790E-02  -8.9792229E-02
 004   +2.2068402E-02  +0.0000000E+00
 005   +1.5493043E-02  -9.7803518E-02
 006   +7.3138638E-03  -8.9441098E-02


Member end Forces 
Member       AFi             AFj
---------------------------------------------
 001   -1.7667027E+05  +1.7667027E+05
 002   -1.5000361E+05  +1.5000361E+05
 003   -1.5000361E+05  +1.5000361E+05
 004   -4.3787949E+04  +4.3862949E+04
 005   -3.0300000E+04  +3.0375000E+04
 006   +1.8214503E+05  -1.8207003E+05
 007   +1.7667027E+05  -1.7667027E+05
 008   +1.5458267E+05  -1.5465767E+05
 009   -2.7449871E+04  +2.7524871E+04


Support Reactions 
Node         Rx               Ry
--------------------------------------
 001   -1.8855010E-03   +4.4472180E+04
 003   +0.0000000E+00   +3.0000000E+04


Load Case: Ultimate Load       
======================================================

Nodal Displacements
Node      Delta-X         Delta-Y
------------------------------------
 001   +0.0000000E+00  +0.0000000E+00
 002   +1.3858259E-02  -1.6655335E-01
 003   +2.5617750E-02  -1.5207125E-01
 004   +3.7377246E-02  +0.0000000E+00
 005   +2.6245624E-02  -1.6569275E-01
 006   +1.2387365E-02  -1.5147550E-01


Member end Forces 
Member       AFi             AFj
---------------------------------------------
 001   -2.9933838E+05  +2.9933838E+05
 002   -2.5400505E+05  +2.5400505E+05
 003   -2.5400505E+05  +2.5400505E+05
 004   -7.4303133E+04  +7.4408133E+04
 005   -5.1420000E+04  +5.1525000E+04
 006   +3.0860344E+05  -3.0849844E+05
 007   +2.9933838E+05  -2.9933838E+05
 008   +2.6176992E+05  -2.6187492E+05
 009   -4.6676031E+04  +4.6781031E+04


Support Reactions 
Node         Rx               Ry
--------------------------------------
 001   -3.1785427E-03   +7.5261055E+04
 003   +0.0000000E+00   +5.1000000E+04
