GRASP - Graphical Rapid Analysis of Structures Program        Version:     1.17
                                                                               
Data ID: exam 1                                               
Overall Parameters
 Members =  2 
 Nodes   =  3 

Joint Coordinates
Joint        X          Y
 1             0             0 
 2             12000         0 
 3             22000         0 


Member Information
Member   JJ    JK        AX        ZI        EL        CX        CY
 1             1             2             90000         6.75E+08      12000         1             0 
 2             2             3             90000         6.75E+08      10000         1             0 


Joint Restraints 
Joint   JR1     JR2     JR3
 1             0             1             0 
 2             0             1             0 
 3             1             1             0 




Load Case: Self Load           
======================================================

Applied joint loads
Joint       Fx         Fy         Mz




Nodal Displacements
Node      Delta-X         Delta-Y         Theta-Z 
------------------------------------------------------
 001   +0.0000000E+00  +0.0000000E+00  -6.4000007E-03
 002   +0.0000000E+00  +0.0000000E+00  +1.5609760E-03
 003   +0.0000000E+00  +0.0000000E+00  +2.4715445E-03


Member end Forces 
Member       BMi             BMj             SFi             SFj             AFi             AFj
------------------------------------------------------------------------------------------------------
 001   -1.7982441E-01  -3.3480002E+07  +1.0170001E+04  +1.5750001E+04  +0.0000000E+00  +0.0000000E+00
 002   +3.3480002E+07  -2.0813008E-01  +1.4148000E+04  +7.4520000E+03  +0.0000000E+00  +0.0000000E+00


Support Reactions 
Node         Rx               Ry               Mz
--------------------------------------------------------
 001   +0.0000000E+00   +1.0170001E+04   +0.0000000E+00
 002   +0.0000000E+00   +2.9898000E+04   +0.0000000E+00
 003   +0.0000000E+00   +7.4520000E+03   +0.0000000E+00


Load Case: Dead Load           
======================================================

Applied joint loads
Joint       Fx         Fy         Mz




Nodal Displacements
Node      Delta-X         Delta-Y         Theta-Z 
------------------------------------------------------
 001   +0.0000000E+00  +0.0000000E+00  +0.0000000E+00
 002   +0.0000000E+00  +0.0000000E+00  +0.0000000E+00
 003   +0.0000000E+00  +0.0000000E+00  +0.0000000E+00


Member end Forces 
Member       BMi             BMj             SFi             SFj             AFi             AFj
------------------------------------------------------------------------------------------------------
 001   +0.0000000E+00  +0.0000000E+00  +0.0000000E+00  +0.0000000E+00  +0.0000000E+00  +0.0000000E+00
 002   +0.0000000E+00  +0.0000000E+00  +0.0000000E+00  +0.0000000E+00  +0.0000000E+00  +0.0000000E+00


Support Reactions 
Node         Rx               Ry               Mz
--------------------------------------------------------
 001   +0.0000000E+00   +0.0000000E+00   +0.0000000E+00
 002   +0.0000000E+00   +0.0000000E+00   +0.0000000E+00
 003   +0.0000000E+00   +0.0000000E+00   +0.0000000E+00


Load Case: Live Load           
======================================================

Applied joint loads
Joint       Fx         Fy         Mz




Nodal Displacements
Node      Delta-X         Delta-Y         Theta-Z 
------------------------------------------------------
 001   +0.0000000E+00  +0.0000000E+00  -3.9251047E-01
 002   +0.0000000E+00  +0.0000000E+00  +1.6063070E-01
 003   +0.0000000E+00  +0.0000000E+00  +3.2602446E-02


Member end Forces 
Member       BMi             BMj             SFi             SFj             AFi             AFj
------------------------------------------------------------------------------------------------------
 001   -9.9902439E+00  -1.6043182E+09  +5.8630681E+05  +8.5369319E+05  +0.0000000E+00  +0.0000000E+00
 002   +1.6043182E+09  -7.2267389E+00  +4.1043181E+05  +8.9568180E+04  +0.0000000E+00  +0.0000000E+00


Support Reactions 
Node         Rx               Ry               Mz
--------------------------------------------------------
 001   +0.0000000E+00   +5.8630681E+05   +0.0000000E+00
 002   +0.0000000E+00   +1.2641250E+06   +0.0000000E+00
 003   +0.0000000E+00   +8.9568180E+04   +0.0000000E+00


Load Case: Service Load        
======================================================

Nodal Displacements
Node      Delta-X         Delta-Y         Theta-Z 
------------------------------------------------------
 001   +0.0000000E+00  +0.0000000E+00  -3.9891046E-01
 002   +0.0000000E+00  +0.0000000E+00  +1.6219167E-01
 003   +0.0000000E+00  +0.0000000E+00  +3.5073992E-02


Member end Forces 
Member       BMi             BMj             SFi             SFj             AFi             AFj
------------------------------------------------------------------------------------------------------
 001   -1.0170069E+01  -1.6377983E+09  +5.9647681E+05  +8.6944319E+05  +0.0000000E+00  +0.0000000E+00
 002   +1.6377983E+09  -7.4348688E+00  +4.2457981E+05  +9.7020180E+04  +0.0000000E+00  +0.0000000E+00


Support Reactions 
Node         Rx               Ry               Mz
--------------------------------------------------------
 001   +0.0000000E+00   +5.9647681E+05   +0.0000000E+00
 002   +0.0000000E+00   +1.2940230E+06   +0.0000000E+00
 003   +0.0000000E+00   +9.7020180E+04   +0.0000000E+00


Load Case: Ultimate Load       
======================================================

Nodal Displacements
Node      Delta-X         Delta-Y         Theta-Z 
------------------------------------------------------
 001   +0.0000000E+00  +0.0000000E+00  -6.7622781E-01
 002   +0.0000000E+00  +0.0000000E+00  +2.7525756E-01
 003   +0.0000000E+00  +0.0000000E+00  +5.8884323E-02


Member end Forces 
Member       BMi             BMj             SFi             SFj             AFi             AFj
------------------------------------------------------------------------------------------------------
 001   -1.7235168E+01  -2.7742131E+09  +1.0109596E+06  +1.4733285E+06  +0.0000000E+00  +0.0000000E+00
 002   +2.7742131E+09  -1.2576838E+01  +7.1754131E+05  +1.6269870E+05  +0.0000000E+00  +0.0000000E+00


Support Reactions 
Node         Rx               Ry               Mz
--------------------------------------------------------
 001   +0.0000000E+00   +1.0109596E+06   +0.0000000E+00
 002   +0.0000000E+00   +2.1908698E+06   +0.0000000E+00
 003   +0.0000000E+00   +1.6269870E+05   +0.0000000E+00
