GRASP - Graphical Rapid Analysis of Structures Program        Version:     1.17
                                                                               
Data ID: fig. 13.6                                            Date: May-25-2015
Comprehensive Results File                                    Time:    02:14 PM
===============================================================================
                                                                              

Overall Parameters
 Members =  6 
 Nodes   =  4 

Joint Coordinates
Joint        X          Y
 1             0             0 
 2             10000         0 
 3             5000          5000 
 4             5000          10000 


Member Information
Member   JJ    JK        AX        ZI        EL        CX        CY
 1             1             2             90000         6.75E+08      10000         1             0 
 2             1             3             90000         6.75E+08      7071.068      0.7071068     0.7071068 
 3             3             2             90000         6.75E+08      7071.068      0.7071068    -0.7071068 
 4             3             4             90000         6.75E+08      5000          0             1 
 5             1             4             90000         6.75E+08      11180.34      0.4472136     0.8944272 
 6             4             2             90000         6.75E+08      11180.34      0.4472136    -0.8944272 


Joint Restraints 
Joint   JR1     JR2     JR3
 1             1             1             0 
 2             0             1             0 




Load Case: Self Load           
======================================================

Applied joint loads
Joint       Fx         Fy         Mz




Nodal Displacements
Node      Delta-X         Delta-Y         Theta-Z 
------------------------------------------------------
 001   +0.0000000E+00  +0.0000000E+00  -2.2369156E-03
 002   +1.3093606E-01  +0.0000000E+00  +2.2369156E-03
 003   +6.5468032E-02  -1.5893852E-01  -3.0878985E-20
 004   +6.5468032E-02  -1.5505636E-01  +2.9862512E-20


Member end Forces 
Member       BMi             BMj             SFi             SFj             AFi             AFj
------------------------------------------------------------------------------------------------------
 001   +1.1809336E+07  -1.1809336E+07  +1.0800000E+04  +1.0800000E+04  -2.4157703E+04  +2.4157703E+04
 002   -1.0882394E+07  -1.4855395E+07  +1.7601271E+03  +9.0398730E+03  +2.2645305E+04  -1.1845305E+04
 003   +1.4855395E+07  +1.0882394E+07  +9.0398730E+03  +1.7601271E+03  +1.1845305E+04  -2.2645305E+04
 004   -2.2262950E-10  +1.1357469E-10  -2.1810961E-14  +2.1810961E-14  +3.9674807E+03  +6.8325195E+03
 005   -9.2693938E+05  -1.5514453E+07  +3.9294370E+03  +6.8705630E+03  +2.8854777E+04  -7.2547773E+03
 006   +1.5514453E+07  +9.2693938E+05  +6.8705630E+03  +3.9294370E+03  +7.2547773E+03  -2.8854777E+04


Support Reactions 
Node         Rx               Ry               Mz
--------------------------------------------------------
 001   +9.5846661E-04   +5.5623039E+04   +0.0000000E+00
 002   +0.0000000E+00   +5.5623039E+04   +0.0000000E+00


Load Case: Dead Load           
======================================================

Applied joint loads
Joint       Fx         Fy         Mz




Nodal Displacements
Node      Delta-X         Delta-Y         Theta-Z 
------------------------------------------------------
 001   +0.0000000E+00  +0.0000000E+00  +0.0000000E+00
 002   +0.0000000E+00  +0.0000000E+00  +0.0000000E+00
 003   +0.0000000E+00  +0.0000000E+00  +0.0000000E+00
 004   +0.0000000E+00  +0.0000000E+00  +0.0000000E+00


Member end Forces 
Member       BMi             BMj             SFi             SFj             AFi             AFj
------------------------------------------------------------------------------------------------------
 001   +0.0000000E+00  +0.0000000E+00  +0.0000000E+00  +0.0000000E+00  +0.0000000E+00  +0.0000000E+00
 002   +0.0000000E+00  +0.0000000E+00  +0.0000000E+00  +0.0000000E+00  +0.0000000E+00  +0.0000000E+00
 003   +0.0000000E+00  +0.0000000E+00  +0.0000000E+00  +0.0000000E+00  +0.0000000E+00  +0.0000000E+00
 004   +0.0000000E+00  +0.0000000E+00  +0.0000000E+00  +0.0000000E+00  +0.0000000E+00  +0.0000000E+00
 005   +0.0000000E+00  +0.0000000E+00  +0.0000000E+00  +0.0000000E+00  +0.0000000E+00  +0.0000000E+00
 006   +0.0000000E+00  +0.0000000E+00  +0.0000000E+00  +0.0000000E+00  +0.0000000E+00  +0.0000000E+00


Support Reactions 
Node         Rx               Ry               Mz
--------------------------------------------------------
 001   +0.0000000E+00   +0.0000000E+00   +0.0000000E+00
 002   +0.0000000E+00   +0.0000000E+00   +0.0000000E+00


Load Case: Live Load           
======================================================

Applied joint loads
Joint       Fx         Fy         Mz
 004   +6.0000000E+04  -8.0000000E+04  +0.0000000E+00




Nodal Displacements
Node      Delta-X         Delta-Y         Theta-Z 
------------------------------------------------------
 001   +0.0000000E+00  +0.0000000E+00  -3.0782374E-05
 002   +3.0044169E-01  +0.0000000E+00  +5.0072988E-05
 003   +1.5219484E-01  -2.3455462E-01  -7.8727894E-05
 004   +1.0542153E+00  -2.9442006E-01  -1.7555837E-04


Member end Forces 
Member       BMi             BMj             SFi             SFj             AFi             AFj
------------------------------------------------------------------------------------------------------
 001   -3.1803445E+04  +1.9196377E+05  +1.6016031E+01  -1.6016031E+01  -5.5431492E+04  +5.5431492E+04
 002   -9.4980219E+04  -2.8263113E+05  -5.3402306E+01  +5.3402306E+01  +1.5195380E+04  -1.5195380E+04
 003   -8.6974531E+05  -3.6563978E+05  -1.7470984E+02  +1.7470984E+02  +1.5923783E+04  -1.5923783E+04
 004   +1.1523765E+06  +6.1641975E+05  +3.5375925E+02  -3.5375925E+02  +2.2090348E+04  -2.2090348E+04
 005   +1.2678366E+05  -2.3158431E+05  -9.3736553E+00  +9.3736553E+00  -3.4344684E+04  +3.4344684E+04
 006   -3.8483544E+05  +1.7367602E+05  -1.8886673E+01  +1.8886673E+01  +9.9084891E+04  -9.9084891E+04


Support Reactions 
Node         Rx               Ry               Mz
--------------------------------------------------------
 001   -6.0000000E+04   -2.0000000E+04   +0.0000000E+00
 002   +0.0000000E+00   +1.0000000E+05   +0.0000000E+00


Load Case: Service Load        
======================================================

Nodal Displacements
Node      Delta-X         Delta-Y         Theta-Z 
------------------------------------------------------
 001   +0.0000000E+00  +0.0000000E+00  -2.2676978E-03
 002   +4.3137774E-01  +0.0000000E+00  +2.2869885E-03
 003   +2.1766287E-01  -3.9349315E-01  -7.8727891E-05
 004   +1.1196833E+00  -4.4947642E-01  -1.7555837E-04


Member end Forces 
Member       BMi             BMj             SFi             SFj             AFi             AFj
------------------------------------------------------------------------------------------------------
 001   +1.1777533E+07  -1.1617372E+07  +1.0816016E+04  +1.0783984E+04  -7.9589195E+04  +7.9589195E+04
 002   -1.0977374E+07  -1.5138026E+07  +1.7067247E+03  +9.0932754E+03  +3.7840684E+04  -2.7040684E+04
 003   +1.3985650E+07  +1.0516754E+07  +8.8651631E+03  +1.9348369E+03  +2.7769088E+04  -3.8569086E+04
 004   +1.1523765E+06  +6.1641975E+05  +3.5375925E+02  -3.5375925E+02  +2.6057828E+04  -1.5257828E+04
 005   -8.0015575E+05  -1.5746037E+07  +3.9200635E+03  +6.8799365E+03  -5.4899063E+03  +2.7089906E+04
 006   +1.5129618E+07  +1.1006154E+06  +6.8516763E+03  +3.9483237E+03  +1.0633967E+05  -1.2793967E+05


Support Reactions 
Node         Rx               Ry               Mz
--------------------------------------------------------
 001   -6.0000000E+04   +3.5623039E+04   +0.0000000E+00
 002   +0.0000000E+00   +1.5562303E+05   +0.0000000E+00


Load Case: Ultimate Load       
======================================================

Nodal Displacements
Node      Delta-X         Delta-Y         Theta-Z 
------------------------------------------------------
 001   +0.0000000E+00  +0.0000000E+00  -3.1840119E-03
 002   +6.9406134E-01  +0.0000000E+00  +3.2168059E-03
 003   +3.5038647E-01  -6.2125677E-01  -1.3383743E-04
 004   +1.8838212E+00  -7.1759301E-01  -2.9844925E-04


Member end Forces 
Member       BMi             BMj             SFi             SFj             AFi             AFj
------------------------------------------------------------------------------------------------------
 001   +1.6479004E+07  -1.6206732E+07  +1.5147228E+04  +1.5092772E+04  -1.2805433E+05  +1.2805433E+05
 002   -1.5396817E+07  -2.1278024E+07  +2.3733940E+03  +1.2746606E+04  +5.7535574E+04  -4.2415574E+04
 003   +1.9318984E+07  +1.4613763E+07  +1.2358815E+04  +2.7611848E+03  +4.3653859E+04  -5.8773859E+04
 004   +1.9590401E+06  +1.0479136E+06  +6.0139075E+02  -6.0139075E+02  +4.3108066E+04  -2.7988064E+04
 005   -1.0821829E+06  -2.2113928E+07  +5.4852769E+03  +9.6347236E+03  -1.7989275E+04  +4.8229273E+04
 006   +2.1066014E+07  +1.5929644E+06  +9.5866807E+03  +5.5333193E+03  +1.7860100E+05  -2.0884100E+05


Support Reactions 
Node         Rx               Ry               Mz
--------------------------------------------------------
 001   -1.0200000E+05   +4.3872250E+04   +0.0000000E+00
 002   +0.0000000E+00   +2.4787225E+05   +0.0000000E+00
