GRASP - Graphical Rapid Analysis of Structures Program        Version:     1.17
                                                                               
Data ID: fig. 13.47                                           Date: May-25-2015
Comprehensive Results File                                    Time:    04:09 PM
===============================================================================
                                                                              

Overall Parameters
 Members =  8 
 Nodes   =  5 

Joint Coordinates
Joint        X          Y
 1             0             0 
 2             4000          0 
 3             8000          0 
 4             0             3000 
 5             4000          3000 


Member Information
Member   JJ    JK        AX        ZI        EL        CX        CY
 1             1             2             500           6.75E+08      4000          1             0 
 2             2             3             500           6.75E+08      4000          1             0 
 3             1             4             400           6.75E+08      3000          0             1 
 4             4             5             500           6.75E+08      4000          1             0 
 5             5             3             500           6.75E+08      5000          0.8          -0.6 
 6             2             5             400           6.75E+08      3000          0             1 
 7             4             2             400           6.75E+08      5000          0.8          -0.6 
 8             1             5             400           6.75E+08      5000          0.8           0.6 


Joint Restraints 
Joint   JR1     JR2     JR3
 1             1             1             0 
 3             0             1             0 
 4             1             1             0 




Load Case: Self Load           
======================================================

Applied joint loads
Joint       Fx         Fy         Mz




Nodal Displacements
Node      Delta-X         Delta-Y         Theta-Z 
------------------------------------------------------
 001   +0.0000000E+00  +0.0000000E+00  -4.7708834E-07
 002   -2.7312124E-04  -3.0953898E-03  -2.1944475E-07
 003   +6.7234345E-04  +0.0000000E+00  +1.3134823E-06
 004   +0.0000000E+00  +0.0000000E+00  -4.7831861E-07
 005   +3.5971693E-04  -3.2707305E-03  -3.8527372E-07


Member end Forces 
Member       BMi             BMj             SFi             SFj             AFi             AFj
------------------------------------------------------------------------------------------------------
 001   +9.3484664E+04  +7.8875602E+04  +6.7090065E+01  -1.9090067E+01  +6.8280311E+00  -6.8280311E+00
 002   -8.1669094E+04  -1.0196516E+04  +1.0335977E+00  +4.6966404E+01  -2.3636618E+01  +2.3636618E+01
 003   -1.2892458E+05  -1.2903530E+05  -8.5986626E+01  +8.5986626E+01  +1.4400001E+01  +1.4400001E+01
 004   +9.1001742E+04  +6.5282273E+04  +6.3071003E+01  -1.5071004E+01  -8.9929237E+00  +8.9929237E+00
 005   -4.1536313E+04  +1.0196516E+04  +1.7732042E+01  +3.0267962E+01  +1.6246742E+01  -5.2246742E+01
 006   -1.7219254E+04  -3.2143861E+04  -1.6454372E+01  +1.6454372E+01  +1.9075752E+01  +9.7242489E+00
 007   +3.8033559E+04  +2.0012742E+04  +3.0809261E+01  +7.5907407E+00  -4.0619793E+01  +1.1819790E+01
 008   +3.5439914E+04  +8.3978994E+03  +2.7967564E+01  +1.0432438E+01  +4.1194637E+01  -1.2394635E+01


Support Reactions 
Node         Rx               Ry               Mz
--------------------------------------------------------
 001   +1.0898983E+02   +1.2858090E+02   +0.0000000E+00
 003   +0.0000000E+00   +1.0252882E+02   +0.0000000E+00
 004   -1.0898983E+02   +1.2649029E+02   +0.0000000E+00


Load Case: Dead Load           
======================================================

Applied joint loads
Joint       Fx         Fy         Mz




Nodal Displacements
Node      Delta-X         Delta-Y         Theta-Z 
------------------------------------------------------
 001   +0.0000000E+00  +0.0000000E+00  +0.0000000E+00
 002   +0.0000000E+00  +0.0000000E+00  +0.0000000E+00
 003   +0.0000000E+00  +0.0000000E+00  +0.0000000E+00
 004   +0.0000000E+00  +0.0000000E+00  +0.0000000E+00
 005   +0.0000000E+00  +0.0000000E+00  +0.0000000E+00


Member end Forces 
Member       BMi             BMj             SFi             SFj             AFi             AFj
------------------------------------------------------------------------------------------------------
 001   +0.0000000E+00  +0.0000000E+00  +0.0000000E+00  +0.0000000E+00  +0.0000000E+00  +0.0000000E+00
 002   +0.0000000E+00  +0.0000000E+00  +0.0000000E+00  +0.0000000E+00  +0.0000000E+00  +0.0000000E+00
 003   +0.0000000E+00  +0.0000000E+00  +0.0000000E+00  +0.0000000E+00  +0.0000000E+00  +0.0000000E+00
 004   +0.0000000E+00  +0.0000000E+00  +0.0000000E+00  +0.0000000E+00  +0.0000000E+00  +0.0000000E+00
 005   +0.0000000E+00  +0.0000000E+00  +0.0000000E+00  +0.0000000E+00  +0.0000000E+00  +0.0000000E+00
 006   +0.0000000E+00  +0.0000000E+00  +0.0000000E+00  +0.0000000E+00  +0.0000000E+00  +0.0000000E+00
 007   +0.0000000E+00  +0.0000000E+00  +0.0000000E+00  +0.0000000E+00  +0.0000000E+00  +0.0000000E+00
 008   +0.0000000E+00  +0.0000000E+00  +0.0000000E+00  +0.0000000E+00  +0.0000000E+00  +0.0000000E+00


Support Reactions 
Node         Rx               Ry               Mz
--------------------------------------------------------
 001   +0.0000000E+00   +0.0000000E+00   +0.0000000E+00
 003   +0.0000000E+00   +0.0000000E+00   +0.0000000E+00
 004   +0.0000000E+00   +0.0000000E+00   +0.0000000E+00


Load Case: Live Load           
======================================================

Applied joint loads
Joint       Fx         Fy         Mz
 002   +0.0000000E+00  -1.0000000E+05  +0.0000000E+00




Nodal Displacements
Node      Delta-X         Delta-Y         Theta-Z 
------------------------------------------------------
 001   +0.0000000E+00  +0.0000000E+00  -2.3523607E-04
 002   -1.6745188E-01  -2.0016904E+00  -1.5796840E-04
 003   +2.7522346E-01  +0.0000000E+00  +6.2659450E-04
 004   +0.0000000E+00  +0.0000000E+00  -1.7135319E-04
 005   +1.6764082E-01  -1.1413505E+00  -1.5905198E-04


Member end Forces 
Member       BMi             BMj             SFi             SFj             AFi             AFj
------------------------------------------------------------------------------------------------------
 001   +5.8915840E+07  +6.4131408E+07  +3.0761813E+04  -3.0761813E+04  +4.1862969E+03  -4.1862969E+03
 002   -8.0366184E+07  -2.7408188E+07  -2.6943592E+04  +2.6943592E+04  -1.1066883E+04  +1.1066883E+04
 003   -5.7764280E+07  -5.2014820E+07  -3.6593035E+04  +3.6593035E+04  +0.0000000E+00  +0.0000000E+00
 004   +2.3912178E+07  +2.4742510E+07  +1.2163672E+04  -1.2163672E+04  -4.1910205E+03  +4.1910205E+03
 005   -1.5016722E+07  +2.7408188E+07  +2.4782930E+03  -2.4782930E+03  +1.1974884E+04  -1.1974884E+04
 006   -1.2590647E+07  -1.2688169E+07  -8.4262725E+03  +8.4262725E+03  -2.2942398E+04  +2.2942398E+04
 007   +2.8102642E+07  +2.8825422E+07  +1.1385612E+04  -1.1385612E+04  -1.7072844E+04  +1.7072844E+04
 008   -1.1515603E+06  +2.9623810E+06  +3.6216412E+02  -3.6216412E+02  +8.8111621E+03  -8.8111621E+03


Support Reactions 
Node         Rx               Ry               Mz
--------------------------------------------------------
 001   +4.7610965E+04   +3.6338242E+04   +0.0000000E+00
 003   +0.0000000E+00   +3.2145889E+04   +0.0000000E+00
 004   -4.7610961E+04   +3.1515869E+04   +0.0000000E+00


Load Case: Service Load        
======================================================

Nodal Displacements
Node      Delta-X         Delta-Y         Theta-Z 
------------------------------------------------------
 001   +0.0000000E+00  +0.0000000E+00  -2.3571316E-04
 002   -1.6772500E-01  -2.0047858E+00  -1.5818785E-04
 003   +2.7589580E-01  +0.0000000E+00  +6.2790798E-04
 004   +0.0000000E+00  +0.0000000E+00  -1.7183152E-04
 005   +1.6800053E-01  -1.1446213E+00  -1.5943726E-04


Member end Forces 
Member       BMi             BMj             SFi             SFj             AFi             AFj
------------------------------------------------------------------------------------------------------
 001   +5.9009324E+07  +6.4210284E+07  +3.0828902E+04  -3.0780902E+04  +4.1931250E+03  -4.1931250E+03
 002   -8.0447856E+07  -2.7418384E+07  -2.6942559E+04  +2.6990559E+04  -1.1090520E+04  +1.1090520E+04
 003   -5.7893204E+07  -5.2143856E+07  -3.6679023E+04  +3.6679023E+04  +1.4400001E+01  +1.4400001E+01
 004   +2.4003180E+07  +2.4807792E+07  +1.2226743E+04  -1.2178743E+04  -4.2000137E+03  +4.2000137E+03
 005   -1.5058258E+07  +2.7418384E+07  +2.4960249E+03  -2.4480249E+03  +1.1991131E+04  -1.2027131E+04
 006   -1.2607866E+07  -1.2720313E+07  -8.4427266E+03  +8.4427266E+03  -2.2923322E+04  +2.2952123E+04
 007   +2.8140676E+07  +2.8845434E+07  +1.1416422E+04  -1.1378021E+04  -1.7113463E+04  +1.7084664E+04
 008   -1.1161204E+06  +2.9707790E+06  +3.9013168E+02  -3.5173169E+02  +8.8523564E+03  -8.8235566E+03


Support Reactions 
Node         Rx               Ry               Mz
--------------------------------------------------------
 001   +4.7719953E+04   +3.6466824E+04   +0.0000000E+00
 003   +0.0000000E+00   +3.2248418E+04   +0.0000000E+00
 004   -4.7719949E+04   +3.1642359E+04   +0.0000000E+00


Load Case: Ultimate Load       
======================================================

Nodal Displacements
Node      Delta-X         Delta-Y         Theta-Z 
------------------------------------------------------
 001   +0.0000000E+00  +0.0000000E+00  -4.0056926E-04
 002   -2.8505057E-01  -3.4072073E+00  -2.6885350E-04
 003   +4.6882117E-01  +0.0000000E+00  +1.0670496E-03
 004   +0.0000000E+00  +0.0000000E+00  -2.9197009E-04
 005   +2.8549302E-01  -1.9448749E+00  -2.7092776E-04


Member end Forces 
Member       BMi             BMj             SFi             SFj             AFi             AFj
------------------------------------------------------------------------------------------------------
 001   +1.0028781E+08  +1.0913382E+08  +5.2389008E+04  -5.2321809E+04  +7.1262642E+03  -7.1262642E+03
 002   -1.3673685E+08  -4.6608196E+07  -4.5802660E+04  +4.5869859E+04  -1.8846793E+04  +1.8846793E+04
 003   -9.8379776E+07  -8.8605848E+07  -6.2328543E+04  +6.2328543E+04  +2.0160000E+01  +2.0160000E+01
 004   +4.0778108E+07  +4.2153664E+07  +2.0766543E+04  -2.0699342E+04  -7.1373252E+03  +7.1373252E+03
 005   -2.5586578E+07  +4.6608196E+07  +4.2379229E+03  -4.1707231E+03  +2.0380049E+04  -2.0430449E+04
 006   -2.1428208E+07  -2.1614890E+07  -1.4347699E+04  +1.4347699E+04  -3.8975371E+04  +3.9015691E+04
 007   +4.7827740E+07  +4.9031236E+07  +1.9398674E+04  -1.9344914E+04  -2.9080703E+04  +2.9040383E+04
 008   -1.9080366E+06  +5.0478050E+06  +6.5483362E+02  -6.0107361E+02  +1.5036648E+04  -1.4996328E+04


Support Reactions 
Node         Rx               Ry               Mz
--------------------------------------------------------
 001   +8.1091227E+04   +6.1955027E+04   +0.0000000E+00
 003   +0.0000000E+00   +5.4791551E+04   +0.0000000E+00
 004   -8.1091219E+04   +5.3754066E+04   +0.0000000E+00
