GRASP - Graphical Rapid Analysis of Structures Program        Version:     1.17
                                                                               
Data ID: ryan_exam                                            Date: May-26-2015
Comprehensive Results File                                    Time:    05:52 PM
===============================================================================
                                                                              

Overall Parameters
 Members =  15 
 Nodes   =  12 

Joint Coordinates
Joint        X          Y
 1             0             0 
 2             0             4000 
 3             0             7000 
 4             0             10000 
 5             5000          10000 
 6             10000         10000 
 7             5000          7000 
 8             10000         7000 
 9             5000          4000 
 10            10000         4000 
 11            10000         0 
 12            5000          0 


Member Information
Member   JJ    JK        AX        ZI        EL        CX        CY
 1             1             2             90000         6.75E+08      4000          0             1 
 2             2             3             90000         6.75E+08      3000          0             1 
 3             3             4             90000         6.75E+08      3000          0             1 
 4             4             5             87500         4.557292E+08                5000          1             0 
 5             5             6             87500         4.557292E+08                5000          1             0 
 6             7             5             90000         6.75E+08      3000          0             1 
 7             8             6             90000         6.75E+08      3000          0             1 
 8             9             7             90000         6.75E+08      3000          0             1 
 9             10            8             90000         6.75E+08      3000          0             1 
 10            11            10            90000         6.75E+08      4000          0             1 
 11            12            9             90000         6.75E+08      4000          0             1 
 12            3             7             87500         4.557292E+08                5000          1             0 
 13            7             8             87500         4.557292E+08                5000          1             0 
 14            2             9             87500         4.557292E+08                5000          1             0 
 15            9             10            87500         4.557292E+08                5000          1             0 


Joint Restraints 
Joint   JR1     JR2     JR3
 1             1             1             0 
 11            1             1             1 
 12            0             1             0 




Load Case: Self Load           
======================================================

Applied joint loads
Joint       Fx         Fy         Mz




Nodal Displacements
Node      Delta-X         Delta-Y         Theta-Z 
------------------------------------------------------
 001   +0.0000000E+00  +0.0000000E+00  +9.2663775E-05
 002   -1.1264207E-01  -7.0441129E-02  -1.0084600E-04
 003   -1.2097903E-01  -1.0275412E-01  -4.6700062E-05
 004   -1.1652324E-01  -1.1607423E-01  -1.5946970E-04
 005   -1.2174837E-01  -1.8262369E-01  -1.1441369E-07
 006   -1.2695890E-01  -1.1593625E-01  +1.6058482E-04
 007   -1.1969086E-01  -1.5930967E-01  +2.0535343E-06
 008   -1.1852849E-01  -1.0261917E-01  +4.7667245E-05
 009   -1.0963811E-01  -1.0820698E-01  +3.2405117E-07
 010   -1.0652294E-01  -7.0327511E-02  +1.1776473E-04
 011   +0.0000000E+00  +0.0000000E+00  +0.0000000E+00
 012   -1.0834190E-01  +0.0000000E+00  +3.2405112E-07


Member end Forces 
Member       BMi             BMj             SFi             SFj             AFi             AFj
------------------------------------------------------------------------------------------------------
 001   -1.7572163E-02  -1.3388458E+06  -3.3471146E+02  +3.3471146E+02  +3.6810969E+04  -2.8170971E+04
 002   -2.3683250E+06  -1.8688289E+06  -1.4123846E+03  +1.4123846E+03  +2.3112488E+04  -1.6632488E+04
 003   -2.2916195E+06  -3.3319195E+06  -1.8745131E+03  +1.8745131E+03  +1.1431870E+04  -4.9518696E+03
 004   +3.3319195E+06  -4.8225740E+06  +4.9518696E+03  +5.5481313E+03  +1.8745131E+03  -1.8745131E+03
 005   +4.8247215E+06  -3.3247495E+06  +5.5499951E+03  +4.9500059E+03  +1.8692782E+03  -1.8692782E+03
 006   +1.7851791E+04  -2.1475293E+03  +5.2347541E+00  -5.2347541E+00  +1.7578127E+04  -1.1098126E+04
 007   +2.2830850E+06  +3.3247498E+06  +1.8692782E+03  -1.8692782E+03  +1.1430007E+04  -4.9500063E+03
 008   -6.7814094E+04  -5.1859609E+04  -3.9891232E+01  +3.9891232E+01  +3.4668148E+04  -2.8188150E+04
 009   +2.5017385E+06  +1.8550891E+06  +1.4522759E+03  -1.4522759E+03  +2.3099369E+04  -1.6619369E+04
 010   +2.6203052E+05  +1.0768153E+06  +3.3471146E+02  -3.3471146E+02  +3.6758566E+04  -2.8118564E+04
 011   -2.0220802E-04  +2.0220790E-04  -3.0698968E-14  +3.0698968E-14  +5.4230473E+04  -4.5590473E+04
 012   +4.1604483E+06  -4.4073615E+06  +5.2006177E+03  +5.2993833E+03  -4.6212836E+02  +4.6212836E+02
 013   +4.4413695E+06  -4.1381743E+06  +5.3106396E+03  +5.1893613E+03  -4.1700238E+02  +4.1700238E+02
 014   +3.7071708E+06  -4.6647600E+06  +5.0584829E+03  +5.4415181E+03  -1.0776732E+03  +1.0776732E+03
 015   +4.7325740E+06  -3.5785538E+06  +5.4808047E+03  +5.0191963E+03  -1.1175645E+03  +1.1175645E+03


Support Reactions 
Node         Rx               Ry               Mz
--------------------------------------------------------
 001   +3.3471146E+02   +3.6810969E+04   +0.0000000E+00
 011   -3.3471146E+02   +3.6758566E+04   +2.6203052E+05
 012   +0.0000000E+00   +5.4230473E+04   +0.0000000E+00


Load Case: Dead Load           
======================================================

Applied joint loads
Joint       Fx         Fy         Mz




Nodal Displacements
Node      Delta-X         Delta-Y         Theta-Z 
------------------------------------------------------
 001   +0.0000000E+00  +0.0000000E+00  +9.3534031E-04
 002   -1.1289610E+00  -2.3030765E-01  -1.0239599E-03
 003   -1.2047715E+00  -3.2507362E-01  -1.5943845E-04
 004   -1.2005658E+00  -3.7102477E-01  -9.4593781E-04
 005   -1.2289177E+00  -7.9863862E-01  -1.1548821E-06
 006   -1.2571223E+00  -3.6963200E-01  +9.5719367E-04
 007   -1.2081495E+00  -6.9538839E-01  +2.0728202E-05
 008   -1.2127971E+00  -3.2371144E-01  +1.6920112E-04
 009   -1.1066778E+00  -4.9446108E-01  +3.2709451E-06
 010   -1.0832722E+00  -2.2916081E-01  +1.1947362E-03
 011   +0.0000000E+00  +0.0000000E+00  +0.0000000E+00
 012   -1.0935940E+00  +0.0000000E+00  +3.2709446E-06


Member end Forces 
Member       BMi             BMj             SFi             SFj             AFi             AFj
------------------------------------------------------------------------------------------------------
 001   -1.7611791E-01  -1.3555908E+07  -3.3889771E+03  +3.3889771E+03  +1.0622941E+05  -1.0622941E+05
 002   -2.1062232E+07  -1.3087021E+07  -1.1383084E+04  +1.1383084E+04  +5.8281070E+04  -5.8281070E+04
 003   -1.1629119E+07  -1.8884576E+07  -1.0171231E+04  +1.0171231E+04  +2.8259957E+04  -2.8259957E+04
 004   +1.8884576E+07  -2.7584790E+07  +2.8259957E+04  +3.1740043E+04  +1.0171231E+04  -1.0171231E+04
 005   +2.7606468E+07  -1.8812204E+07  +3.1758854E+04  +2.8241146E+04  +1.0118393E+04  -1.0118393E+04
 006   +1.8019447E+05  -2.1676979E+04  +5.2839165E+01  -5.2839165E+01  +6.3498895E+04  -6.3498895E+04
 007   +1.1542973E+07  +1.8812204E+07  +1.0118393E+04  -1.0118393E+04  +2.8241146E+04  -2.8241146E+04
 008   -6.8450969E+05  -5.2346650E+05  -4.0265872E+02  +4.0265872E+02  +1.2357030E+05  -1.2357030E+05
 009   +2.2408894E+07  +1.2948334E+07  +1.1785743E+04  -1.1785743E+04  +5.8148637E+04  -5.8148637E+04
 010   +2.6449140E+06  +1.0910995E+07  +3.3889771E+03  -3.3889771E+03  +1.0570042E+05  -1.0570042E+05
 011   -2.0410696E-03  +2.0410705E-03  +2.3625546E-13  -2.3625546E-13  +2.2807017E+05  -2.2807017E+05
 012   +2.4716140E+07  -2.4610582E+07  +3.0021111E+04  +2.9978889E+04  +1.2118528E+03  -1.2118528E+03
 013   +2.4953854E+07  -2.4491306E+07  +3.0092510E+04  +2.9907490E+04  +1.6673506E+03  -1.6673506E+03
 014   +3.4618140E+07  -4.4876456E+07  +4.7948336E+04  +5.2051664E+04  -7.9941069E+03  +7.9941069E+03
 015   +4.5560964E+07  -3.3319890E+07  +5.2448215E+04  +4.7551785E+04  -8.3967656E+03  +8.3967656E+03


Support Reactions 
Node         Rx               Ry               Mz
--------------------------------------------------------
 001   +3.3889771E+03   +1.0622941E+05   +0.0000000E+00
 011   -3.3889771E+03   +1.0570042E+05   +2.6449140E+06
 012   +0.0000000E+00   +2.2807017E+05   +0.0000000E+00


Load Case: Live Load           
======================================================

Applied joint loads
Joint       Fx         Fy         Mz




Nodal Displacements
Node      Delta-X         Delta-Y         Theta-Z 
------------------------------------------------------
 001   +0.0000000E+00  +0.0000000E+00  +5.5592134E-04
 002   -6.7175863E-01  -1.4656117E-01  -6.0802372E-04
 003   -7.1760382E-01  -2.0966616E-01  -1.2419548E-04
 004   -7.1125740E-01  -2.4031013E-01  -6.2484481E-04
 005   -7.3040964E-01  -5.1749750E-01  -6.8640644E-07
 006   -7.4947434E-01  -2.3948234E-01  +6.3153475E-04
 007   -7.1806600E-01  -4.4868597E-01  +1.2319847E-05
 008   -7.1928280E-01  -2.0885654E-01  +1.2999794E-04
 009   -6.5775610E-01  -3.1460536E-01  +1.9440926E-06
 010   -6.4308647E-01  -1.4587954E-01  +7.0952493E-04
 011   +0.0000000E+00  +0.0000000E+00  +0.0000000E+00
 012   -6.4997973E-01  +0.0000000E+00  +1.9440923E-06


Member end Forces 
Member       BMi             BMj             SFi             SFj             AFi             AFj
------------------------------------------------------------------------------------------------------
 001   -1.0479435E-01  -8.0530450E+06  -2.0132612E+03  +2.0132612E+03  +6.7601336E+04  -6.7601336E+04
 002   -1.2786663E+07  -8.3233475E+06  -7.0366699E+03  +7.0366699E+03  +3.8809570E+04  -3.8809570E+04
 003   -7.9970540E+06  -1.2615544E+07  -6.8708662E+03  +6.8708662E+03  +1.8846045E+04  -1.8846045E+04
 004   +1.2615544E+07  -1.8385324E+07  +1.8846045E+04  +2.1153955E+04  +6.8708662E+03  -6.8708662E+03
 005   +1.8398206E+07  -1.2572530E+07  +2.1165135E+04  +1.8834865E+04  +6.8394609E+03  -6.8394609E+03
 006   +1.0709894E+05  -1.2883754E+04  +3.1405062E+01  -3.1405062E+01  +4.2319090E+04  -4.2319090E+04
 007   +7.9458530E+06  +1.2572530E+07  +6.8394609E+03  -6.8394609E+03  +1.8834865E+04  -1.8834865E+04
 008   -4.0683969E+05  -3.1112334E+05  -2.3932101E+02  +2.3932101E+02  +8.2459570E+04  -8.2459570E+04
 009   +1.3587055E+07  +8.2409185E+06  +7.2759912E+03  -7.2759912E+03  +3.8730859E+04  -3.8730859E+04
 010   +1.5720098E+06  +6.4810355E+06  +2.0132612E+03  -2.0132612E+03  +6.7286938E+04  -6.7286938E+04
 011   -1.2131138E-03  +1.2131134E-03  -8.8592328E-14  +8.8592328E-14  +1.4511172E+05  -1.4511172E+05
 012   +1.6320401E+07  -1.6502778E+07  +1.9963525E+04  +2.0036475E+04  +1.6580391E+02  -1.6580391E+02
 013   +1.6706802E+07  -1.6186771E+07  +2.0104006E+04  +1.9895994E+04  +4.3652997E+02  -4.3652997E+02
 014   +2.0839708E+07  -2.6880856E+07  +2.8791770E+04  +3.1208230E+04  -5.0234087E+03  +5.0234087E+03
 015   +2.7287694E+07  -2.0068090E+07  +3.1443922E+04  +2.8556078E+04  -5.2627300E+03  +5.2627300E+03


Support Reactions 
Node         Rx               Ry               Mz
--------------------------------------------------------
 001   +2.0132612E+03   +6.7601336E+04   +0.0000000E+00
 011   -2.0132612E+03   +6.7286938E+04   +1.5720098E+06
 012   +0.0000000E+00   +1.4511172E+05   +0.0000000E+00


Load Case: earthquake load     
======================================================

Applied joint loads
Joint       Fx         Fy         Mz
 002   +1.0000000E+04  +0.0000000E+00  +0.0000000E+00
 003   +2.0000000E+04  +0.0000000E+00  +0.0000000E+00
 004   +2.5000000E+04  +0.0000000E+00  +0.0000000E+00




Nodal Displacements
Node      Delta-X         Delta-Y         Theta-Z 
------------------------------------------------------
 001   +0.0000000E+00  +0.0000000E+00  -9.2211875E-03
 002   +3.0559093E+01  +6.4825607E-02  -4.4769438E-03
 003   +4.2658511E+01  +9.2029250E-02  -2.5153192E-03
 004   +4.9677852E+01  +1.0048346E-01  -1.4853030E-03
 005   +4.9625624E+01  +6.3601865E-03  -8.7121623E-04
 006   +4.9602765E+01  -1.0684365E-01  -1.5934358E-03
 007   +4.2612921E+01  +5.9937779E-03  -2.6617960E-03
 008   +4.2640193E+01  -9.8023028E-02  -2.1593143E-03
 009   +3.0526474E+01  +6.9515264E-03  -1.4201889E-03
 010   +3.0391626E+01  -7.1777133E-02  -6.1780107E-03
 011   +0.0000000E+00  +0.0000000E+00  +0.0000000E+00
 012   +2.4845720E+01  +0.0000000E+00  -1.4201886E-03


Member end Forces 
Member       BMi             BMj             SFi             SFj             AFi             AFj
------------------------------------------------------------------------------------------------------
 001   +4.7672181E+00  +3.2824240E+07  +8.2060615E+03  -8.2060615E+03  -2.9900811E+04  +2.9900811E+04
 002   +5.8137025E+06  +2.3909690E+07  +9.9077979E+03  -9.9077979E+03  -1.6730240E+04  +1.6730240E+04
 003   +4.6438665E+06  +1.4145766E+07  +6.2632109E+03  -6.2632109E+03  -5.1993408E+03  +5.1993408E+03
 004   -1.4145767E+07  -1.1850938E+07  -5.1993408E+03  +5.1993408E+03  +1.8736789E+04  -1.8736789E+04
 005   -1.2212246E+07  -1.4911165E+07  -5.4246821E+03  +5.4246821E+03  +8.2007002E+03  -8.2007002E+03
 006   +7.5450845E+06  +2.4063182E+07  +1.0536089E+04  -1.0536089E+04  -2.2534132E+02  +2.2534132E+02
 007   +9.6909360E+06  +1.4911165E+07  +8.2007002E+03  -8.2007002E+03  +5.4246821E+03  -5.4246821E+03
 008   +6.0739916E+07  +4.9286092E+07  +3.6675336E+04  -3.6675336E+04  +5.8901532E+02  -5.8901532E+02
 009   -2.0910936E+07  +1.6161537E+07  -1.5831331E+03  +1.5831331E+03  +1.6141225E+04  -1.6141225E+04
 010   +1.1495994E+08  +7.2215824E+07  +4.6793938E+04  -4.6793938E+04  +3.3107203E+04  -3.3107203E+04
 011   +8.8619775E-01  -8.8619781E-01  -7.9580786E-12  +7.9580786E-12  -3.2063916E+03  +3.2063916E+03
 012   -2.8553558E+07  -2.9100938E+07  -1.1530899E+04  +1.1530899E+04  +1.6355413E+04  -1.6355413E+04
 013   -2.7730238E+07  -2.5852476E+07  -1.0716543E+04  +1.0716543E+04  -9.7838330E+03  +9.7838330E+03
 014   -3.8637940E+07  -2.7214912E+07  -1.3170571E+04  +1.3170571E+04  +1.1701736E+04  -1.1701736E+04
 015   -3.3525004E+07  -5.1304884E+07  -1.6965979E+04  +1.6965979E+04  +4.8377070E+04  -4.8377070E+04


Support Reactions 
Node         Rx               Ry               Mz
--------------------------------------------------------
 001   -8.2060615E+03   -2.9900811E+04   +0.0000000E+00
 011   -4.6793938E+04   +3.3107203E+04   +1.1495994E+08
 012   +0.0000000E+00   -3.2063916E+03   +0.0000000E+00


Load Case: Service Load        
======================================================

Nodal Displacements
Node      Delta-X         Delta-Y         Theta-Z 
------------------------------------------------------
 001   +0.0000000E+00  +0.0000000E+00  +1.5839254E-03
 002   -1.9133617E+00  -4.4730994E-01  -1.7328296E-03
 003   -2.0433543E+00  -6.3749391E-01  -3.3033401E-04
 004   -2.0283465E+00  -7.2740912E-01  -1.7302523E-03
 005   -2.0810757E+00  -1.4987599E+00  -1.9557021E-06
 006   -2.1335554E+00  -7.2505057E-01  +1.7493132E-03
 007   -2.0459063E+00  -1.3033841E+00  +3.5101584E-05
 008   -2.0506084E+00  -6.3518715E-01  +3.4686632E-04
 009   -1.8740720E+00  -9.1727340E-01  +5.5390888E-06
 010   -1.8328816E+00  -4.4536784E-01  +2.0220259E-03
 011   +0.0000000E+00  +0.0000000E+00  +0.0000000E+00
 012   -1.8519156E+00  +0.0000000E+00  +5.5390879E-06


Member end Forces 
Member       BMi             BMj             SFi             SFj             AFi             AFj
------------------------------------------------------------------------------------------------------
 001   -2.9848441E-01  -2.2947800E+07  -5.7369497E+03  +5.7369497E+03  +2.1064172E+05  -2.0200172E+05
 002   -3.6217220E+07  -2.3279198E+07  -1.9832139E+04  +1.9832139E+04  +1.2020313E+05  -1.1372313E+05
 003   -2.1917792E+07  -3.4832040E+07  -1.8916609E+04  +1.8916609E+04  +5.8537875E+04  -5.2057875E+04
 004   +3.4832040E+07  -5.0792688E+07  +5.2057875E+04  +5.8442133E+04  +1.8916609E+04  -1.8916609E+04
 005   +5.0829396E+07  -3.4709484E+07  +5.8473984E+04  +5.2026016E+04  +1.8827133E+04  -1.8827133E+04
 006   +3.0514519E+05  -3.6708262E+04  +8.9478981E+01  -8.9478981E+01  +1.2339611E+05  -1.1691611E+05
 007   +2.1771912E+07  +3.4709484E+07  +1.8827133E+04  -1.8827133E+04  +5.8506016E+04  -5.2026016E+04
 008   -1.1591635E+06  -8.8644950E+05  -6.8187097E+02  +6.8187097E+02  +2.4069800E+05  -2.3421803E+05
 009   +3.8497688E+07  +2.3044342E+07  +2.0514012E+04  -2.0514012E+04  +1.1997887E+05  -1.1349887E+05
 010   +4.4789540E+06  +1.8468846E+07  +5.7369497E+03  -5.7369497E+03  +2.0974592E+05  -2.0110592E+05
 011   -3.4563914E-03  +3.4563919E-03  +1.1696416E-13  -1.1696416E-13  +4.2741238E+05  -4.1877238E+05
 012   +4.5196988E+07  -4.5520720E+07  +5.5185258E+04  +5.5314750E+04  +9.1552832E+02  -9.1552832E+02
 013   +4.6102024E+07  -4.4816252E+07  +5.5507156E+04  +5.4992844E+04  +1.6868782E+03  -1.6868782E+03
 014   +5.9165020E+07  -7.6422072E+07  +8.1798594E+04  +8.8701414E+04  -1.4095189E+04  +1.4095189E+04
 015   +7.7581232E+07  -5.6966536E+07  +8.9372938E+04  +8.1127063E+04  -1.4777061E+04  +1.4777061E+04


Support Reactions 
Node         Rx               Ry               Mz
--------------------------------------------------------
 001   +5.7369497E+03   +2.1064172E+05   +0.0000000E+00
 011   -5.7369497E+03   +2.0974592E+05   +4.4789540E+06
 012   +0.0000000E+00   +4.2741238E+05   +0.0000000E+00


Load Case: Ultimate Load       
======================================================

Nodal Displacements
Node      Delta-X         Delta-Y         Theta-Z 
------------------------------------------------------
 001   +0.0000000E+00  +0.0000000E+00  -7.8208186E-03
 002   +2.8868460E+01  -2.8482416E-01  -6.0097077E-03
 003   +4.0853985E+01  -4.0289217E-01  -2.7687431E-03
 004   +4.7881546E+01  -4.6490133E-01  -2.9328507E-03
 005   +4.7785717E+01  -1.2107550E+00  -8.7294530E-04
 006   +4.7719482E+01  -6.7014325E-01  -1.2903599E-04
 007   +4.0804108E+01  -1.0528153E+00  -2.6307623E-03
 008   +4.0825195E+01  -5.9090507E-01  -1.8912740E-03
 009   +2.8869583E+01  -7.4370450E-01  -1.4152917E-03
 010   +2.8770155E+01  -4.1970989E-01  -4.3895650E-03
 011   +0.0000000E+00  +0.0000000E+00  +0.0000000E+00
 012   +2.3208416E+01  +0.0000000E+00  -1.4152915E-03


Member end Forces 
Member       BMi             BMj             SFi             SFj             AFi             AFj
------------------------------------------------------------------------------------------------------
 001   +4.5034795E+00  +1.2530628E+07  +3.1326582E+03  -3.1326582E+03  +1.3137514E+05  -1.3137514E+05
 002   -2.5854310E+07  +4.0435900E+06  -7.2702373E+03  +7.2702373E+03  +7.2611836E+04  -7.2611836E+04
 003   -1.3309604E+07  -1.4823498E+07  -9.3777012E+03  +9.3777012E+03  +3.8135633E+04  -3.8135633E+04
 004   +1.4823497E+07  -5.4145352E+07  +3.8135633E+04  +5.3864371E+04  +3.4377703E+04  -3.4377703E+04
 005   +3.0114618E+07  -4.3772076E+07  +4.3268508E+04  +4.8731496E+04  +2.3762502E+04  -2.3762502E+04
 006   +7.8148675E+06  +2.4030728E+07  +1.0615198E+04  -1.0615198E+04  +9.7132883E+04  -9.7132883E+04
 007   +2.7515430E+07  +4.3772076E+07  +2.3762502E+04  -2.3762502E+04  +4.8731496E+04  -4.8731496E+04
 008   +5.9715084E+07  +4.8502372E+07  +3.6072484E+04  -3.6072484E+04  +1.9010316E+05  -1.9010316E+05
 009   +1.2773264E+07  +3.5819996E+07  +1.6197756E+04  -1.6197756E+04  +1.0528502E+05  -1.0528502E+05
 010   +1.1891984E+08  +8.8549536E+07  +5.1867340E+04  -5.1867340E+04  +1.9359117E+05  -1.9359117E+05
 011   +8.8314193E-01  -8.8314193E-01  -7.7188681E-12  +7.7188681E-12  +3.4303366E+05  -3.4303366E+05
 012   +9.2660140E+06  -6.6885024E+07  +3.4476199E+04  +5.7523805E+04  +1.7892539E+04  -1.7892539E+04
 013   +1.0567790E+07  -6.3335428E+07  +3.5446473E+04  +5.6553527E+04  -7.5647471E+03  +7.5647471E+03
 014   +1.3323684E+07  -9.4507088E+07  +5.8763320E+04  +9.1236688E+04  -4.0289648E+02  +4.0289648E+02
 015   +3.4792004E+07  -1.0132280E+08  +6.1693844E+04  +8.8306164E+04  +3.5669586E+04  -3.5669586E+04


Support Reactions 
Node         Rx               Ry               Mz
--------------------------------------------------------
 001   -3.1326582E+03   +1.3137514E+05   +0.0000000E+00
 011   -5.1867340E+04   +1.9359117E+05   +1.1891984E+08
 012   +0.0000000E+00   +3.4303366E+05   +0.0000000E+00
